This file contains any messages produced by compilers while
running configure, to aid debugging if configure makes a mistake.

It was created by fftw configure 3.3.3, which was
generated by GNU Autoconf 2.69.  Invocation command line was

  $ configure --prefix=/Users/ponder/tinker/fftw --enable-openmp

## --------- ##
## Platform. ##
## --------- ##

hostname = sleigh
uname -m = x86_64
uname -r = 12.3.0
uname -s = Darwin
uname -v = Darwin Kernel Version 12.3.0: Sun Jan  6 22:37:10 PST 2013; root:xnu-2050.22.13~1/RELEASE_X86_64

/usr/bin/uname -p = i386
/bin/uname -X     = unknown

/bin/arch              = unknown
/usr/bin/arch -k       = unknown
/usr/convex/getsysinfo = unknown
/usr/bin/hostinfo      = Mach kernel version:
	 Darwin Kernel Version 12.3.0: Sun Jan  6 22:37:10 PST 2013; root:xnu-2050.22.13~1/RELEASE_X86_64
Kernel configured for up to 4 processors.
2 processors are physically available.
4 processors are logically available.
Processor type: i486 (Intel 80486)
Processors active: 0 1 2 3
Primary memory available: 4.00 gigabytes
Default processor set: 103 tasks, 433 threads, 4 processors
Load average: 0.37, Mach factor: 3.62
/bin/machine           = unknown
/usr/bin/oslevel       = unknown
/bin/universe          = unknown

PATH: /Users/ponder/fable/fable_build/bin
PATH: /opt/pgi/osx86-64/10.8/bin
PATH: /opt/intel/composer_xe_2013.1.119/bin/intel64
PATH: /opt/intel/composer_xe_2013.1.119/mpirt/bin/intel64
PATH: /opt/intel/composer_xe_2013.1.119/bin
PATH: /usr/bin
PATH: /bin
PATH: /usr/sbin
PATH: /sbin
PATH: /usr/local/bin
PATH: /usr/X11R6/bin
PATH: .
PATH: /Applications/bin
PATH: /Users/ponder/tinker/bin
PATH: /usr/local/cuda/bin
PATH: /Applications/gaussian/g09/bin
PATH: /Applications/gaussian/g09/bsd
PATH: /Applications/gaussian/g09
PATH: /Applications/orca


## ----------- ##
## Core tests. ##
## ----------- ##

configure:2742: checking for a BSD-compatible install
configure:2810: result: /usr/bin/install -c
configure:2821: checking whether build environment is sane
configure:2871: result: yes
configure:3012: checking for a thread-safe mkdir -p
configure:3051: result: ./install-sh -c -d
configure:3064: checking for gawk
configure:3094: result: no
configure:3064: checking for mawk
configure:3094: result: no
configure:3064: checking for nawk
configure:3094: result: no
configure:3064: checking for awk
configure:3080: found /usr/bin/awk
configure:3091: result: awk
configure:3102: checking whether make sets $(MAKE)
configure:3124: result: yes
configure:3208: checking whether to enable maintainer-specific portions of Makefiles
configure:3217: result: no
configure:3265: checking build system type
configure:3279: result: x86_64-apple-darwin12.3.0
configure:3299: checking host system type
configure:3312: result: x86_64-apple-darwin12.3.0
configure:3750: checking for gcc
configure:3777: result: icc
configure:4006: checking for C compiler version
configure:4015: icc --version >&5
icc (ICC) 13.0.1 20121010
Copyright (C) 1985-2012 Intel Corporation.  All rights reserved.

configure:4026: $? = 0
configure:4015: icc -v >&5
icc version 13.0.1 (gcc version 4.2.1 compatibility)
configure:4026: $? = 0
configure:4015: icc -V >&5
Intel(R) C Intel(R) 64 Compiler XE for applications running on Intel(R) 64, Version 13.0.1.119 Build 20121010
Copyright (C) 1985-2012 Intel Corporation.  All rights reserved.

configure:4026: $? = 0
configure:4015: icc -qversion >&5
icc: command line warning #10006: ignoring unknown option '-qversion'
icc: command line error: no files specified; for help type "icc -help"
configure:4026: $? = 1
configure:4046: checking whether the C compiler works
configure:4068: icc    conftest.c  >&5
configure:4072: $? = 0
configure:4120: result: yes
configure:4123: checking for C compiler default output file name
configure:4125: result: a.out
configure:4131: checking for suffix of executables
configure:4138: icc -o conftest    conftest.c  >&5
configure:4142: $? = 0
configure:4164: result: 
configure:4186: checking whether we are cross compiling
configure:4194: icc -o conftest    conftest.c  >&5
configure:4198: $? = 0
configure:4205: ./conftest
configure:4209: $? = 0
configure:4224: result: no
configure:4229: checking for suffix of object files
configure:4251: icc -c   conftest.c >&5
configure:4255: $? = 0
configure:4276: result: o
configure:4280: checking whether we are using the GNU C compiler
configure:4299: icc -c   conftest.c >&5
configure:4299: $? = 0
configure:4308: result: yes
configure:4317: checking whether icc accepts -g
configure:4337: icc -c -g  conftest.c >&5
configure:4337: $? = 0
configure:4378: result: yes
configure:4395: checking for icc option to accept ISO C89
configure:4458: icc  -c -g -O2  conftest.c >&5
configure:4458: $? = 0
configure:4471: result: none needed
configure:4502: checking for style of include used by make
configure:4530: result: GNU
configure:4556: checking dependency style of icc
configure:4667: result: gcc3
configure:4683: checking whether icc and cc understand -c and -o together
configure:4714: icc -c conftest.c -o conftest2.o >&5
configure:4718: $? = 0
configure:4724: icc -c conftest.c -o conftest2.o >&5
configure:4728: $? = 0
configure:4739: cc -c conftest.c >&5
configure:4743: $? = 0
configure:4751: cc -c conftest.c -o conftest2.o >&5
configure:4755: $? = 0
configure:4761: cc -c conftest.c -o conftest2.o >&5
configure:4765: $? = 0
configure:4783: result: yes
configure:4810: checking for C compiler vendor
configure:4834: icc -c -g -O2  conftest.c >&5
configure:4834: $? = 0
configure:4841: result: intel
configure:4848: checking for icc option to accept ISO C99
configure:4997: icc  -c -g -O2  conftest.c >&5
conftest.c(62): error: expected a ")"
  test_restrict (ccp restrict text)
                              ^

conftest.c(67): error: expected an expression
    for (unsigned int i = 0; *(text+i) != '\0'; ++i)
         ^

conftest.c(67): error: identifier "text" is undefined
    for (unsigned int i = 0; *(text+i) != '\0'; ++i)
                               ^

conftest.c(67): error: identifier "i" is undefined
    for (unsigned int i = 0; *(text+i) != '\0'; ++i)
                                    ^

conftest.c(116): error: expected a ";"
    char *restrict newvar = "Another string";
                   ^

conftest.c(126): error: expected an expression
    for (int i = 0; i < ia->datasize; ++i)
         ^

conftest.c(126): error: identifier "i" is undefined
    for (int i = 0; i < ia->datasize; ++i)
                    ^

conftest.c(142): error: identifier "newvar" is undefined
    return (!success || bignum == 0LL || ubignum == 0uLL || newvar[0] == 'x'
                                                            ^

compilation aborted for conftest.c (code 2)
configure:4997: $? = 2
configure: failed program was:
| /* confdefs.h */
| #define PACKAGE_NAME "fftw"
| #define PACKAGE_TARNAME "fftw"
| #define PACKAGE_VERSION "3.3.3"
| #define PACKAGE_STRING "fftw 3.3.3"
| #define PACKAGE_BUGREPORT "fftw@fftw.org"
| #define PACKAGE_URL ""
| #define PACKAGE "fftw"
| #define VERSION "3.3.3"
| #define FFTW_ENABLE_ALLOCA 1
| /* end confdefs.h.  */
| #include <stdarg.h>
| #include <stdbool.h>
| #include <stdlib.h>
| #include <wchar.h>
| #include <stdio.h>
| 
| // Check varargs macros.  These examples are taken from C99 6.10.3.5.
| #define debug(...) fprintf (stderr, __VA_ARGS__)
| #define showlist(...) puts (#__VA_ARGS__)
| #define report(test,...) ((test) ? puts (#test) : printf (__VA_ARGS__))
| static void
| test_varargs_macros (void)
| {
|   int x = 1234;
|   int y = 5678;
|   debug ("Flag");
|   debug ("X = %d\n", x);
|   showlist (The first, second, and third items.);
|   report (x>y, "x is %d but y is %d", x, y);
| }
| 
| // Check long long types.
| #define BIG64 18446744073709551615ull
| #define BIG32 4294967295ul
| #define BIG_OK (BIG64 / BIG32 == 4294967297ull && BIG64 % BIG32 == 0)
| #if !BIG_OK
|   your preprocessor is broken;
| #endif
| #if BIG_OK
| #else
|   your preprocessor is broken;
| #endif
| static long long int bignum = -9223372036854775807LL;
| static unsigned long long int ubignum = BIG64;
| 
| struct incomplete_array
| {
|   int datasize;
|   double data[];
| };
| 
| struct named_init {
|   int number;
|   const wchar_t *name;
|   double average;
| };
| 
| typedef const char *ccp;
| 
| static inline int
| test_restrict (ccp restrict text)
| {
|   // See if C++-style comments work.
|   // Iterate through items via the restricted pointer.
|   // Also check for declarations in for loops.
|   for (unsigned int i = 0; *(text+i) != '\0'; ++i)
|     continue;
|   return 0;
| }
| 
| // Check varargs and va_copy.
| static void
| test_varargs (const char *format, ...)
| {
|   va_list args;
|   va_start (args, format);
|   va_list args_copy;
|   va_copy (args_copy, args);
| 
|   const char *str;
|   int number;
|   float fnumber;
| 
|   while (*format)
|     {
|       switch (*format++)
| 	{
| 	case 's': // string
| 	  str = va_arg (args_copy, const char *);
| 	  break;
| 	case 'd': // int
| 	  number = va_arg (args_copy, int);
| 	  break;
| 	case 'f': // float
| 	  fnumber = va_arg (args_copy, double);
| 	  break;
| 	default:
| 	  break;
| 	}
|     }
|   va_end (args_copy);
|   va_end (args);
| }
| 
| int
| main ()
| {
| 
|   // Check bool.
|   _Bool success = false;
| 
|   // Check restrict.
|   if (test_restrict ("String literal") == 0)
|     success = true;
|   char *restrict newvar = "Another string";
| 
|   // Check varargs.
|   test_varargs ("s, d' f .", "string", 65, 34.234);
|   test_varargs_macros ();
| 
|   // Check flexible array members.
|   struct incomplete_array *ia =
|     malloc (sizeof (struct incomplete_array) + (sizeof (double) * 10));
|   ia->datasize = 10;
|   for (int i = 0; i < ia->datasize; ++i)
|     ia->data[i] = i * 1.234;
| 
|   // Check named initializers.
|   struct named_init ni = {
|     .number = 34,
|     .name = L"Test wide string",
|     .average = 543.34343,
|   };
| 
|   ni.number = 58;
| 
|   int dynamic_array[ni.number];
|   dynamic_array[ni.number - 1] = 543;
| 
|   // work around unused variable warnings
|   return (!success || bignum == 0LL || ubignum == 0uLL || newvar[0] == 'x'
| 	  || dynamic_array[ni.number - 1] != 543);
| 
|   ;
|   return 0;
| }
configure:4997: icc -std=gnu99 -c -g -O2  conftest.c >&5
configure:4997: $? = 0
configure:5017: result: -std=gnu99
configure:5118: checking for icc -std=gnu99 option to accept ISO Standard C
configure:5132: result: -std=gnu99
configure:5137: checking whether ln -s works
configure:5141: result: yes
configure:5148: checking whether make sets $(MAKE)
configure:5170: result: yes
configure:5528: checking how to print strings
configure:5555: result: printf
configure:5576: checking for a sed that does not truncate output
configure:5640: result: /usr/bin/sed
configure:5658: checking for grep that handles long lines and -e
configure:5716: result: /usr/bin/grep
configure:5721: checking for egrep
configure:5783: result: /usr/bin/grep -E
configure:5788: checking for fgrep
configure:5850: result: /usr/bin/grep -F
configure:5885: checking for ld used by icc -std=gnu99
configure:5952: result: /usr/bin/ld
configure:5959: checking if the linker (/usr/bin/ld) is GNU ld
configure:5974: result: no
configure:5986: checking for BSD- or MS-compatible name lister (nm)
configure:6035: result: /usr/bin/nm
configure:6165: checking the name lister (/usr/bin/nm) interface
configure:6172: icc -std=gnu99 -c -g -O2  conftest.c >&5
configure:6175: /usr/bin/nm "conftest.o"
configure:6178: output
0000000000000154 B _some_variable
configure:6185: result: BSD nm
configure:6189: checking the maximum length of command line arguments
configure:6319: result: 196608
configure:6336: checking whether the shell understands some XSI constructs
configure:6346: result: yes
configure:6350: checking whether the shell understands "+="
configure:6356: result: yes
configure:6391: checking how to convert x86_64-apple-darwin12.3.0 file names to x86_64-apple-darwin12.3.0 format
configure:6431: result: func_convert_file_noop
configure:6438: checking how to convert x86_64-apple-darwin12.3.0 file names to toolchain format
configure:6458: result: func_convert_file_noop
configure:6465: checking for /usr/bin/ld option to reload object files
configure:6472: result: -r
configure:6546: checking for objdump
configure:6573: result: objdump
configure:6602: checking how to recognize dependent libraries
configure:6800: result: pass_all
configure:6885: checking for dlltool
configure:6912: result: dlltool
configure:6942: checking how to associate runtime and link libraries
configure:6969: result: printf %s\n
configure:7029: checking for ar
configure:7045: found /usr/bin/ar
configure:7056: result: ar
configure:7093: checking for archiver @FILE support
configure:7110: icc -std=gnu99 -c -g -O2  conftest.c >&5
configure:7110: $? = 0
configure:7113: ar cru libconftest.a @conftest.lst >&5
ar: @conftest.lst: No such file or directory
configure:7116: $? = 1
configure:7136: result: no
configure:7194: checking for strip
configure:7210: found /usr/bin/strip
configure:7221: result: strip
configure:7293: checking for ranlib
configure:7309: found /usr/bin/ranlib
configure:7320: result: ranlib
configure:7422: checking command to parse /usr/bin/nm output from icc -std=gnu99 object
configure:7542: icc -std=gnu99 -c -g -O2  conftest.c >&5
configure:7545: $? = 0
configure:7549: /usr/bin/nm conftest.o \| sed -n -e 's/^.*[ ]\([BCDEGRST][BCDEGRST]*\)[ ][ ]*\([_A-Za-z][_A-Za-z0-9]*\)$/\1 \2 \2/p' | sed '/ __gnu_lto/d' \> conftest.nm
configure:7552: $? = 0
cannot find nm_test_var in conftest.nm
configure:7542: icc -std=gnu99 -c -g -O2  conftest.c >&5
configure:7545: $? = 0
configure:7549: /usr/bin/nm conftest.o \| sed -n -e 's/^.*[ ]\([BCDEGRST][BCDEGRST]*\)[ ][ ]*_\([_A-Za-z][_A-Za-z0-9]*\)$/\1 _\2 \2/p' | sed '/ __gnu_lto/d' \> conftest.nm
configure:7552: $? = 0
configure:7618: icc -std=gnu99 -o conftest -g -O2   conftest.c conftstm.o >&5
configure:7621: $? = 0
configure:7659: result: ok
configure:7696: checking for sysroot
configure:7726: result: no
configure:7982: checking for mt
configure:8012: result: no
configure:8032: checking if : is a manifest tool
configure:8038: : '-?'
configure:8046: result: no
configure:8102: checking for dsymutil
configure:8118: found /usr/bin/dsymutil
configure:8129: result: dsymutil
configure:8194: checking for nmedit
configure:8210: found /usr/bin/nmedit
configure:8221: result: nmedit
configure:8286: checking for lipo
configure:8302: found /usr/bin/lipo
configure:8313: result: lipo
configure:8378: checking for otool
configure:8394: found /usr/bin/otool
configure:8405: result: otool
configure:8470: checking for otool64
configure:8500: result: no
configure:8545: checking for -single_module linker flag
icc -std=gnu99 -g -O2  -o libconftest.dylib -dynamiclib -Wl,-single_module conftest.c
configure:8578: result: yes
configure:8581: checking for -exported_symbols_list linker flag
configure:8601: icc -std=gnu99 -o conftest -g -O2   -Wl,-exported_symbols_list,conftest.sym conftest.c  >&5
configure:8601: $? = 0
configure:8611: result: yes
configure:8614: checking for -force_load linker flag
icc -std=gnu99 -g -O2 -c -o conftest.o conftest.c
ar cru libconftest.a conftest.o
ranlib libconftest.a
icc -std=gnu99 -g -O2  -o conftest conftest.c -Wl,-force_load,./libconftest.a
configure:8646: result: yes
configure:8688: checking how to run the C preprocessor
configure:8719: icc -std=gnu99 -E  conftest.c
configure:8719: $? = 0
configure:8733: icc -std=gnu99 -E  conftest.c
conftest.c(12): error #2379: cannot open source file "ac_nonexistent.h"
  #include <ac_nonexistent.h>
                             ^

configure:8733: $? = 2
configure: failed program was:
| /* confdefs.h */
| #define PACKAGE_NAME "fftw"
| #define PACKAGE_TARNAME "fftw"
| #define PACKAGE_VERSION "3.3.3"
| #define PACKAGE_STRING "fftw 3.3.3"
| #define PACKAGE_BUGREPORT "fftw@fftw.org"
| #define PACKAGE_URL ""
| #define PACKAGE "fftw"
| #define VERSION "3.3.3"
| #define FFTW_ENABLE_ALLOCA 1
| /* end confdefs.h.  */
| #include <ac_nonexistent.h>
configure:8758: result: icc -std=gnu99 -E
configure:8778: icc -std=gnu99 -E  conftest.c
configure:8778: $? = 0
configure:8792: icc -std=gnu99 -E  conftest.c
conftest.c(12): error #2379: cannot open source file "ac_nonexistent.h"
  #include <ac_nonexistent.h>
                             ^

configure:8792: $? = 2
configure: failed program was:
| /* confdefs.h */
| #define PACKAGE_NAME "fftw"
| #define PACKAGE_TARNAME "fftw"
| #define PACKAGE_VERSION "3.3.3"
| #define PACKAGE_STRING "fftw 3.3.3"
| #define PACKAGE_BUGREPORT "fftw@fftw.org"
| #define PACKAGE_URL ""
| #define PACKAGE "fftw"
| #define VERSION "3.3.3"
| #define FFTW_ENABLE_ALLOCA 1
| /* end confdefs.h.  */
| #include <ac_nonexistent.h>
configure:8821: checking for ANSI C header files
configure:8841: icc -std=gnu99 -c -g -O2  conftest.c >&5
configure:8841: $? = 0
configure:8914: icc -std=gnu99 -o conftest -g -O2   conftest.c  >&5
configure:8914: $? = 0
configure:8914: ./conftest
configure:8914: $? = 0
configure:8925: result: yes
configure:8938: checking for sys/types.h
configure:8938: icc -std=gnu99 -c -g -O2  conftest.c >&5
configure:8938: $? = 0
configure:8938: result: yes
configure:8938: checking for sys/stat.h
configure:8938: icc -std=gnu99 -c -g -O2  conftest.c >&5
configure:8938: $? = 0
configure:8938: result: yes
configure:8938: checking for stdlib.h
configure:8938: icc -std=gnu99 -c -g -O2  conftest.c >&5
configure:8938: $? = 0
configure:8938: result: yes
configure:8938: checking for string.h
configure:8938: icc -std=gnu99 -c -g -O2  conftest.c >&5
configure:8938: $? = 0
configure:8938: result: yes
configure:8938: checking for memory.h
configure:8938: icc -std=gnu99 -c -g -O2  conftest.c >&5
configure:8938: $? = 0
configure:8938: result: yes
configure:8938: checking for strings.h
configure:8938: icc -std=gnu99 -c -g -O2  conftest.c >&5
configure:8938: $? = 0
configure:8938: result: yes
configure:8938: checking for inttypes.h
configure:8938: icc -std=gnu99 -c -g -O2  conftest.c >&5
configure:8938: $? = 0
configure:8938: result: yes
configure:8938: checking for stdint.h
configure:8938: icc -std=gnu99 -c -g -O2  conftest.c >&5
configure:8938: $? = 0
configure:8938: result: yes
configure:8938: checking for unistd.h
configure:8938: icc -std=gnu99 -c -g -O2  conftest.c >&5
configure:8938: $? = 0
configure:8938: result: yes
configure:8952: checking for dlfcn.h
configure:8952: icc -std=gnu99 -c -g -O2  conftest.c >&5
configure:8952: $? = 0
configure:8952: result: yes
configure:9126: checking for objdir
configure:9141: result: .libs
configure:9412: checking if icc -std=gnu99 supports -fno-rtti -fno-exceptions
configure:9430: icc -std=gnu99 -c -g -O2  -fno-rtti -fno-exceptions conftest.c >&5
configure:9434: $? = 0
configure:9447: result: yes
configure:9774: checking for icc -std=gnu99 option to produce PIC
configure:9781: result: -fno-common -DPIC
configure:9789: checking if icc -std=gnu99 PIC flag -fno-common -DPIC works
configure:9807: icc -std=gnu99 -c -g -O2  -fno-common -DPIC -DPIC conftest.c >&5
configure:9811: $? = 0
configure:9824: result: yes
configure:9853: checking if icc -std=gnu99 static flag -static works
icc: command line warning #10006: ignoring unknown option '-static'
configure:9881: result: no
configure:9896: checking if icc -std=gnu99 supports -c -o file.o
configure:9917: icc -std=gnu99 -c -g -O2  -o out/conftest2.o conftest.c >&5
configure:9921: $? = 0
configure:9943: result: yes
configure:9951: checking if icc -std=gnu99 supports -c -o file.o
configure:9998: result: yes
configure:10031: checking whether the icc -std=gnu99 linker (/usr/bin/ld) supports shared libraries
configure:11188: result: yes
configure:11428: checking dynamic linker characteristics
configure:12162: result: darwin12.3.0 dyld
configure:12269: checking how to hardcode library paths into programs
configure:12294: result: immediate
configure:12834: checking whether stripping libraries is possible
configure:12848: result: yes
configure:12874: checking if libtool supports shared libraries
configure:12876: result: yes
configure:12879: checking whether to build shared libraries
configure:12900: result: no
configure:12903: checking whether to build static libraries
configure:12907: result: yes
configure:12947: checking for ocamlbuild
configure:12977: result: no
configure:13375: checking whether C compiler accepts -ansi-alias
configure:13390: icc -std=gnu99 -c -ansi-alias  conftest.c >&5
configure:13390: $? = 0
configure:13398: result: yes
configure:13410: checking whether C compiler accepts -malign-double
configure:13429: icc -std=gnu99 -c -malign-double  conftest.c >&5
configure:13429: $? = 0
configure:13439: result: yes
configure:13675: checking whether C compiler accepts -O3 -axSSSE3 -no-ipo -no-prec-div -mdynamic-no-pic -ansi-alias -malign-double
configure:13690: icc -std=gnu99 -c -O3 -axSSSE3 -no-ipo -no-prec-div -mdynamic-no-pic -ansi-alias -malign-double  conftest.c >&5
configure:13690: $? = 0
configure:13698: result: yes
configure:14127: checking for ANSI C header files
configure:14231: result: yes
configure:14242: checking libintl.h usability
configure:14242: icc -std=gnu99 -c -O3 -axSSSE3 -no-ipo -no-prec-div -mdynamic-no-pic -ansi-alias -malign-double  conftest.c >&5
conftest.c(58): catastrophic error: cannot open source file "libintl.h"
  #include <libintl.h>
                      ^

compilation aborted for conftest.c (code 4)
configure:14242: $? = 4
configure: failed program was:
| /* confdefs.h */
| #define PACKAGE_NAME "fftw"
| #define PACKAGE_TARNAME "fftw"
| #define PACKAGE_VERSION "3.3.3"
| #define PACKAGE_STRING "fftw 3.3.3"
| #define PACKAGE_BUGREPORT "fftw@fftw.org"
| #define PACKAGE_URL ""
| #define PACKAGE "fftw"
| #define VERSION "3.3.3"
| #define FFTW_ENABLE_ALLOCA 1
| #define STDC_HEADERS 1
| #define HAVE_SYS_TYPES_H 1
| #define HAVE_SYS_STAT_H 1
| #define HAVE_STDLIB_H 1
| #define HAVE_STRING_H 1
| #define HAVE_MEMORY_H 1
| #define HAVE_STRINGS_H 1
| #define HAVE_INTTYPES_H 1
| #define HAVE_STDINT_H 1
| #define HAVE_UNISTD_H 1
| #define HAVE_DLFCN_H 1
| #define LT_OBJDIR ".libs/"
| #define STDC_HEADERS 1
| /* end confdefs.h.  */
| #include <stdio.h>
| #ifdef HAVE_SYS_TYPES_H
| # include <sys/types.h>
| #endif
| #ifdef HAVE_SYS_STAT_H
| # include <sys/stat.h>
| #endif
| #ifdef STDC_HEADERS
| # include <stdlib.h>
| # include <stddef.h>
| #else
| # ifdef HAVE_STDLIB_H
| #  include <stdlib.h>
| # endif
| #endif
| #ifdef HAVE_STRING_H
| # if !defined STDC_HEADERS && defined HAVE_MEMORY_H
| #  include <memory.h>
| # endif
| # include <string.h>
| #endif
| #ifdef HAVE_STRINGS_H
| # include <strings.h>
| #endif
| #ifdef HAVE_INTTYPES_H
| # include <inttypes.h>
| #endif
| #ifdef HAVE_STDINT_H
| # include <stdint.h>
| #endif
| #ifdef HAVE_UNISTD_H
| # include <unistd.h>
| #endif
| #include <libintl.h>
configure:14242: result: no
configure:14242: checking libintl.h presence
configure:14242: icc -std=gnu99 -E  conftest.c
conftest.c(25): error #2379: cannot open source file "libintl.h"
  #include <libintl.h>
                      ^

configure:14242: $? = 2
configure: failed program was:
| /* confdefs.h */
| #define PACKAGE_NAME "fftw"
| #define PACKAGE_TARNAME "fftw"
| #define PACKAGE_VERSION "3.3.3"
| #define PACKAGE_STRING "fftw 3.3.3"
| #define PACKAGE_BUGREPORT "fftw@fftw.org"
| #define PACKAGE_URL ""
| #define PACKAGE "fftw"
| #define VERSION "3.3.3"
| #define FFTW_ENABLE_ALLOCA 1
| #define STDC_HEADERS 1
| #define HAVE_SYS_TYPES_H 1
| #define HAVE_SYS_STAT_H 1
| #define HAVE_STDLIB_H 1
| #define HAVE_STRING_H 1
| #define HAVE_MEMORY_H 1
| #define HAVE_STRINGS_H 1
| #define HAVE_INTTYPES_H 1
| #define HAVE_STDINT_H 1
| #define HAVE_UNISTD_H 1
| #define HAVE_DLFCN_H 1
| #define LT_OBJDIR ".libs/"
| #define STDC_HEADERS 1
| /* end confdefs.h.  */
| #include <libintl.h>
configure:14242: result: no
configure:14242: checking for libintl.h
configure:14242: result: no
configure:14242: checking malloc.h usability
configure:14242: icc -std=gnu99 -c -O3 -axSSSE3 -no-ipo -no-prec-div -mdynamic-no-pic -ansi-alias -malign-double  conftest.c >&5
conftest.c(58): catastrophic error: cannot open source file "malloc.h"
  #include <malloc.h>
                     ^

compilation aborted for conftest.c (code 4)
configure:14242: $? = 4
configure: failed program was:
| /* confdefs.h */
| #define PACKAGE_NAME "fftw"
| #define PACKAGE_TARNAME "fftw"
| #define PACKAGE_VERSION "3.3.3"
| #define PACKAGE_STRING "fftw 3.3.3"
| #define PACKAGE_BUGREPORT "fftw@fftw.org"
| #define PACKAGE_URL ""
| #define PACKAGE "fftw"
| #define VERSION "3.3.3"
| #define FFTW_ENABLE_ALLOCA 1
| #define STDC_HEADERS 1
| #define HAVE_SYS_TYPES_H 1
| #define HAVE_SYS_STAT_H 1
| #define HAVE_STDLIB_H 1
| #define HAVE_STRING_H 1
| #define HAVE_MEMORY_H 1
| #define HAVE_STRINGS_H 1
| #define HAVE_INTTYPES_H 1
| #define HAVE_STDINT_H 1
| #define HAVE_UNISTD_H 1
| #define HAVE_DLFCN_H 1
| #define LT_OBJDIR ".libs/"
| #define STDC_HEADERS 1
| /* end confdefs.h.  */
| #include <stdio.h>
| #ifdef HAVE_SYS_TYPES_H
| # include <sys/types.h>
| #endif
| #ifdef HAVE_SYS_STAT_H
| # include <sys/stat.h>
| #endif
| #ifdef STDC_HEADERS
| # include <stdlib.h>
| # include <stddef.h>
| #else
| # ifdef HAVE_STDLIB_H
| #  include <stdlib.h>
| # endif
| #endif
| #ifdef HAVE_STRING_H
| # if !defined STDC_HEADERS && defined HAVE_MEMORY_H
| #  include <memory.h>
| # endif
| # include <string.h>
| #endif
| #ifdef HAVE_STRINGS_H
| # include <strings.h>
| #endif
| #ifdef HAVE_INTTYPES_H
| # include <inttypes.h>
| #endif
| #ifdef HAVE_STDINT_H
| # include <stdint.h>
| #endif
| #ifdef HAVE_UNISTD_H
| # include <unistd.h>
| #endif
| #include <malloc.h>
configure:14242: result: no
configure:14242: checking malloc.h presence
configure:14242: icc -std=gnu99 -E  conftest.c
conftest.c(25): error #2379: cannot open source file "malloc.h"
  #include <malloc.h>
                     ^

configure:14242: $? = 2
configure: failed program was:
| /* confdefs.h */
| #define PACKAGE_NAME "fftw"
| #define PACKAGE_TARNAME "fftw"
| #define PACKAGE_VERSION "3.3.3"
| #define PACKAGE_STRING "fftw 3.3.3"
| #define PACKAGE_BUGREPORT "fftw@fftw.org"
| #define PACKAGE_URL ""
| #define PACKAGE "fftw"
| #define VERSION "3.3.3"
| #define FFTW_ENABLE_ALLOCA 1
| #define STDC_HEADERS 1
| #define HAVE_SYS_TYPES_H 1
| #define HAVE_SYS_STAT_H 1
| #define HAVE_STDLIB_H 1
| #define HAVE_STRING_H 1
| #define HAVE_MEMORY_H 1
| #define HAVE_STRINGS_H 1
| #define HAVE_INTTYPES_H 1
| #define HAVE_STDINT_H 1
| #define HAVE_UNISTD_H 1
| #define HAVE_DLFCN_H 1
| #define LT_OBJDIR ".libs/"
| #define STDC_HEADERS 1
| /* end confdefs.h.  */
| #include <malloc.h>
configure:14242: result: no
configure:14242: checking for malloc.h
configure:14242: result: no
configure:14242: checking stddef.h usability
configure:14242: icc -std=gnu99 -c -O3 -axSSSE3 -no-ipo -no-prec-div -mdynamic-no-pic -ansi-alias -malign-double  conftest.c >&5
configure:14242: $? = 0
configure:14242: result: yes
configure:14242: checking stddef.h presence
configure:14242: icc -std=gnu99 -E  conftest.c
configure:14242: $? = 0
configure:14242: result: yes
configure:14242: checking for stddef.h
configure:14242: result: yes
configure:14242: checking for stdlib.h
configure:14242: result: yes
configure:14242: checking for string.h
configure:14242: result: yes
configure:14242: checking for strings.h
configure:14242: result: yes
configure:14242: checking sys/time.h usability
configure:14242: icc -std=gnu99 -c -O3 -axSSSE3 -no-ipo -no-prec-div -mdynamic-no-pic -ansi-alias -malign-double  conftest.c >&5
configure:14242: $? = 0
configure:14242: result: yes
configure:14242: checking sys/time.h presence
configure:14242: icc -std=gnu99 -E  conftest.c
configure:14242: $? = 0
configure:14242: result: yes
configure:14242: checking for sys/time.h
configure:14242: result: yes
configure:14242: checking for unistd.h
configure:14242: result: yes
configure:14242: checking limits.h usability
configure:14242: icc -std=gnu99 -c -O3 -axSSSE3 -no-ipo -no-prec-div -mdynamic-no-pic -ansi-alias -malign-double  conftest.c >&5
configure:14242: $? = 0
configure:14242: result: yes
configure:14242: checking limits.h presence
configure:14242: icc -std=gnu99 -E  conftest.c
configure:14242: $? = 0
configure:14242: result: yes
configure:14242: checking for limits.h
configure:14242: result: yes
configure:14242: checking c_asm.h usability
configure:14242: icc -std=gnu99 -c -O3 -axSSSE3 -no-ipo -no-prec-div -mdynamic-no-pic -ansi-alias -malign-double  conftest.c >&5
conftest.c(65): catastrophic error: cannot open source file "c_asm.h"
  #include <c_asm.h>
                    ^

compilation aborted for conftest.c (code 4)
configure:14242: $? = 4
configure: failed program was:
| /* confdefs.h */
| #define PACKAGE_NAME "fftw"
| #define PACKAGE_TARNAME "fftw"
| #define PACKAGE_VERSION "3.3.3"
| #define PACKAGE_STRING "fftw 3.3.3"
| #define PACKAGE_BUGREPORT "fftw@fftw.org"
| #define PACKAGE_URL ""
| #define PACKAGE "fftw"
| #define VERSION "3.3.3"
| #define FFTW_ENABLE_ALLOCA 1
| #define STDC_HEADERS 1
| #define HAVE_SYS_TYPES_H 1
| #define HAVE_SYS_STAT_H 1
| #define HAVE_STDLIB_H 1
| #define HAVE_STRING_H 1
| #define HAVE_MEMORY_H 1
| #define HAVE_STRINGS_H 1
| #define HAVE_INTTYPES_H 1
| #define HAVE_STDINT_H 1
| #define HAVE_UNISTD_H 1
| #define HAVE_DLFCN_H 1
| #define LT_OBJDIR ".libs/"
| #define STDC_HEADERS 1
| #define HAVE_STDDEF_H 1
| #define HAVE_STDLIB_H 1
| #define HAVE_STRING_H 1
| #define HAVE_STRINGS_H 1
| #define HAVE_SYS_TIME_H 1
| #define HAVE_UNISTD_H 1
| #define HAVE_LIMITS_H 1
| /* end confdefs.h.  */
| #include <stdio.h>
| #ifdef HAVE_SYS_TYPES_H
| # include <sys/types.h>
| #endif
| #ifdef HAVE_SYS_STAT_H
| # include <sys/stat.h>
| #endif
| #ifdef STDC_HEADERS
| # include <stdlib.h>
| # include <stddef.h>
| #else
| # ifdef HAVE_STDLIB_H
| #  include <stdlib.h>
| # endif
| #endif
| #ifdef HAVE_STRING_H
| # if !defined STDC_HEADERS && defined HAVE_MEMORY_H
| #  include <memory.h>
| # endif
| # include <string.h>
| #endif
| #ifdef HAVE_STRINGS_H
| # include <strings.h>
| #endif
| #ifdef HAVE_INTTYPES_H
| # include <inttypes.h>
| #endif
| #ifdef HAVE_STDINT_H
| # include <stdint.h>
| #endif
| #ifdef HAVE_UNISTD_H
| # include <unistd.h>
| #endif
| #include <c_asm.h>
configure:14242: result: no
configure:14242: checking c_asm.h presence
configure:14242: icc -std=gnu99 -E  conftest.c
conftest.c(32): error #2379: cannot open source file "c_asm.h"
  #include <c_asm.h>
                    ^

configure:14242: $? = 2
configure: failed program was:
| /* confdefs.h */
| #define PACKAGE_NAME "fftw"
| #define PACKAGE_TARNAME "fftw"
| #define PACKAGE_VERSION "3.3.3"
| #define PACKAGE_STRING "fftw 3.3.3"
| #define PACKAGE_BUGREPORT "fftw@fftw.org"
| #define PACKAGE_URL ""
| #define PACKAGE "fftw"
| #define VERSION "3.3.3"
| #define FFTW_ENABLE_ALLOCA 1
| #define STDC_HEADERS 1
| #define HAVE_SYS_TYPES_H 1
| #define HAVE_SYS_STAT_H 1
| #define HAVE_STDLIB_H 1
| #define HAVE_STRING_H 1
| #define HAVE_MEMORY_H 1
| #define HAVE_STRINGS_H 1
| #define HAVE_INTTYPES_H 1
| #define HAVE_STDINT_H 1
| #define HAVE_UNISTD_H 1
| #define HAVE_DLFCN_H 1
| #define LT_OBJDIR ".libs/"
| #define STDC_HEADERS 1
| #define HAVE_STDDEF_H 1
| #define HAVE_STDLIB_H 1
| #define HAVE_STRING_H 1
| #define HAVE_STRINGS_H 1
| #define HAVE_SYS_TIME_H 1
| #define HAVE_UNISTD_H 1
| #define HAVE_LIMITS_H 1
| /* end confdefs.h.  */
| #include <c_asm.h>
configure:14242: result: no
configure:14242: checking for c_asm.h
configure:14242: result: no
configure:14242: checking intrinsics.h usability
configure:14242: icc -std=gnu99 -c -O3 -axSSSE3 -no-ipo -no-prec-div -mdynamic-no-pic -ansi-alias -malign-double  conftest.c >&5
conftest.c(65): catastrophic error: cannot open source file "intrinsics.h"
  #include <intrinsics.h>
                         ^

compilation aborted for conftest.c (code 4)
configure:14242: $? = 4
configure: failed program was:
| /* confdefs.h */
| #define PACKAGE_NAME "fftw"
| #define PACKAGE_TARNAME "fftw"
| #define PACKAGE_VERSION "3.3.3"
| #define PACKAGE_STRING "fftw 3.3.3"
| #define PACKAGE_BUGREPORT "fftw@fftw.org"
| #define PACKAGE_URL ""
| #define PACKAGE "fftw"
| #define VERSION "3.3.3"
| #define FFTW_ENABLE_ALLOCA 1
| #define STDC_HEADERS 1
| #define HAVE_SYS_TYPES_H 1
| #define HAVE_SYS_STAT_H 1
| #define HAVE_STDLIB_H 1
| #define HAVE_STRING_H 1
| #define HAVE_MEMORY_H 1
| #define HAVE_STRINGS_H 1
| #define HAVE_INTTYPES_H 1
| #define HAVE_STDINT_H 1
| #define HAVE_UNISTD_H 1
| #define HAVE_DLFCN_H 1
| #define LT_OBJDIR ".libs/"
| #define STDC_HEADERS 1
| #define HAVE_STDDEF_H 1
| #define HAVE_STDLIB_H 1
| #define HAVE_STRING_H 1
| #define HAVE_STRINGS_H 1
| #define HAVE_SYS_TIME_H 1
| #define HAVE_UNISTD_H 1
| #define HAVE_LIMITS_H 1
| /* end confdefs.h.  */
| #include <stdio.h>
| #ifdef HAVE_SYS_TYPES_H
| # include <sys/types.h>
| #endif
| #ifdef HAVE_SYS_STAT_H
| # include <sys/stat.h>
| #endif
| #ifdef STDC_HEADERS
| # include <stdlib.h>
| # include <stddef.h>
| #else
| # ifdef HAVE_STDLIB_H
| #  include <stdlib.h>
| # endif
| #endif
| #ifdef HAVE_STRING_H
| # if !defined STDC_HEADERS && defined HAVE_MEMORY_H
| #  include <memory.h>
| # endif
| # include <string.h>
| #endif
| #ifdef HAVE_STRINGS_H
| # include <strings.h>
| #endif
| #ifdef HAVE_INTTYPES_H
| # include <inttypes.h>
| #endif
| #ifdef HAVE_STDINT_H
| # include <stdint.h>
| #endif
| #ifdef HAVE_UNISTD_H
| # include <unistd.h>
| #endif
| #include <intrinsics.h>
configure:14242: result: no
configure:14242: checking intrinsics.h presence
configure:14242: icc -std=gnu99 -E  conftest.c
conftest.c(32): error #2379: cannot open source file "intrinsics.h"
  #include <intrinsics.h>
                         ^

configure:14242: $? = 2
configure: failed program was:
| /* confdefs.h */
| #define PACKAGE_NAME "fftw"
| #define PACKAGE_TARNAME "fftw"
| #define PACKAGE_VERSION "3.3.3"
| #define PACKAGE_STRING "fftw 3.3.3"
| #define PACKAGE_BUGREPORT "fftw@fftw.org"
| #define PACKAGE_URL ""
| #define PACKAGE "fftw"
| #define VERSION "3.3.3"
| #define FFTW_ENABLE_ALLOCA 1
| #define STDC_HEADERS 1
| #define HAVE_SYS_TYPES_H 1
| #define HAVE_SYS_STAT_H 1
| #define HAVE_STDLIB_H 1
| #define HAVE_STRING_H 1
| #define HAVE_MEMORY_H 1
| #define HAVE_STRINGS_H 1
| #define HAVE_INTTYPES_H 1
| #define HAVE_STDINT_H 1
| #define HAVE_UNISTD_H 1
| #define HAVE_DLFCN_H 1
| #define LT_OBJDIR ".libs/"
| #define STDC_HEADERS 1
| #define HAVE_STDDEF_H 1
| #define HAVE_STDLIB_H 1
| #define HAVE_STRING_H 1
| #define HAVE_STRINGS_H 1
| #define HAVE_SYS_TIME_H 1
| #define HAVE_UNISTD_H 1
| #define HAVE_LIMITS_H 1
| /* end confdefs.h.  */
| #include <intrinsics.h>
configure:14242: result: no
configure:14242: checking for intrinsics.h
configure:14242: result: no
configure:14242: checking for stdint.h
configure:14242: result: yes
configure:14242: checking mach/mach_time.h usability
configure:14242: icc -std=gnu99 -c -O3 -axSSSE3 -no-ipo -no-prec-div -mdynamic-no-pic -ansi-alias -malign-double  conftest.c >&5
configure:14242: $? = 0
configure:14242: result: yes
configure:14242: checking mach/mach_time.h presence
configure:14242: icc -std=gnu99 -E  conftest.c
configure:14242: $? = 0
configure:14242: result: yes
configure:14242: checking for mach/mach_time.h
configure:14242: result: yes
configure:14242: checking sys/sysctl.h usability
configure:14242: icc -std=gnu99 -c -O3 -axSSSE3 -no-ipo -no-prec-div -mdynamic-no-pic -ansi-alias -malign-double  conftest.c >&5
configure:14242: $? = 0
configure:14242: result: yes
configure:14242: checking sys/sysctl.h presence
configure:14242: icc -std=gnu99 -E  conftest.c
configure:14242: $? = 0
configure:14242: result: yes
configure:14242: checking for sys/sysctl.h
configure:14242: result: yes
configure:14259: checking altivec.h usability
configure:14259: icc -std=gnu99 -c -O3 -axSSSE3 -no-ipo -no-prec-div -mdynamic-no-pic -ansi-alias -malign-double    conftest.c >&5
conftest.c(68): catastrophic error: cannot open source file "altivec.h"
  #include <altivec.h>
                      ^

compilation aborted for conftest.c (code 4)
configure:14259: $? = 4
configure: failed program was:
| /* confdefs.h */
| #define PACKAGE_NAME "fftw"
| #define PACKAGE_TARNAME "fftw"
| #define PACKAGE_VERSION "3.3.3"
| #define PACKAGE_STRING "fftw 3.3.3"
| #define PACKAGE_BUGREPORT "fftw@fftw.org"
| #define PACKAGE_URL ""
| #define PACKAGE "fftw"
| #define VERSION "3.3.3"
| #define FFTW_ENABLE_ALLOCA 1
| #define STDC_HEADERS 1
| #define HAVE_SYS_TYPES_H 1
| #define HAVE_SYS_STAT_H 1
| #define HAVE_STDLIB_H 1
| #define HAVE_STRING_H 1
| #define HAVE_MEMORY_H 1
| #define HAVE_STRINGS_H 1
| #define HAVE_INTTYPES_H 1
| #define HAVE_STDINT_H 1
| #define HAVE_UNISTD_H 1
| #define HAVE_DLFCN_H 1
| #define LT_OBJDIR ".libs/"
| #define STDC_HEADERS 1
| #define HAVE_STDDEF_H 1
| #define HAVE_STDLIB_H 1
| #define HAVE_STRING_H 1
| #define HAVE_STRINGS_H 1
| #define HAVE_SYS_TIME_H 1
| #define HAVE_UNISTD_H 1
| #define HAVE_LIMITS_H 1
| #define HAVE_STDINT_H 1
| #define HAVE_MACH_MACH_TIME_H 1
| #define HAVE_SYS_SYSCTL_H 1
| /* end confdefs.h.  */
| #include <stdio.h>
| #ifdef HAVE_SYS_TYPES_H
| # include <sys/types.h>
| #endif
| #ifdef HAVE_SYS_STAT_H
| # include <sys/stat.h>
| #endif
| #ifdef STDC_HEADERS
| # include <stdlib.h>
| # include <stddef.h>
| #else
| # ifdef HAVE_STDLIB_H
| #  include <stdlib.h>
| # endif
| #endif
| #ifdef HAVE_STRING_H
| # if !defined STDC_HEADERS && defined HAVE_MEMORY_H
| #  include <memory.h>
| # endif
| # include <string.h>
| #endif
| #ifdef HAVE_STRINGS_H
| # include <strings.h>
| #endif
| #ifdef HAVE_INTTYPES_H
| # include <inttypes.h>
| #endif
| #ifdef HAVE_STDINT_H
| # include <stdint.h>
| #endif
| #ifdef HAVE_UNISTD_H
| # include <unistd.h>
| #endif
| #include <altivec.h>
configure:14259: result: no
configure:14259: checking altivec.h presence
configure:14259: icc -std=gnu99 -E   conftest.c
conftest.c(35): error #2379: cannot open source file "altivec.h"
  #include <altivec.h>
                      ^

configure:14259: $? = 2
configure: failed program was:
| /* confdefs.h */
| #define PACKAGE_NAME "fftw"
| #define PACKAGE_TARNAME "fftw"
| #define PACKAGE_VERSION "3.3.3"
| #define PACKAGE_STRING "fftw 3.3.3"
| #define PACKAGE_BUGREPORT "fftw@fftw.org"
| #define PACKAGE_URL ""
| #define PACKAGE "fftw"
| #define VERSION "3.3.3"
| #define FFTW_ENABLE_ALLOCA 1
| #define STDC_HEADERS 1
| #define HAVE_SYS_TYPES_H 1
| #define HAVE_SYS_STAT_H 1
| #define HAVE_STDLIB_H 1
| #define HAVE_STRING_H 1
| #define HAVE_MEMORY_H 1
| #define HAVE_STRINGS_H 1
| #define HAVE_INTTYPES_H 1
| #define HAVE_STDINT_H 1
| #define HAVE_UNISTD_H 1
| #define HAVE_DLFCN_H 1
| #define LT_OBJDIR ".libs/"
| #define STDC_HEADERS 1
| #define HAVE_STDDEF_H 1
| #define HAVE_STDLIB_H 1
| #define HAVE_STRING_H 1
| #define HAVE_STRINGS_H 1
| #define HAVE_SYS_TIME_H 1
| #define HAVE_UNISTD_H 1
| #define HAVE_LIMITS_H 1
| #define HAVE_STDINT_H 1
| #define HAVE_MACH_MACH_TIME_H 1
| #define HAVE_SYS_SYSCTL_H 1
| /* end confdefs.h.  */
| #include <altivec.h>
configure:14259: result: no
configure:14259: checking for altivec.h
configure:14259: result: no
configure:14273: checking for an ANSI C-conforming const
configure:14339: icc -std=gnu99 -c -O3 -axSSSE3 -no-ipo -no-prec-div -mdynamic-no-pic -ansi-alias -malign-double  conftest.c >&5
configure:14339: $? = 0
configure:14346: result: yes
configure:14354: checking for inline
configure:14370: icc -std=gnu99 -c -O3 -axSSSE3 -no-ipo -no-prec-div -mdynamic-no-pic -ansi-alias -malign-double  conftest.c >&5
configure:14370: $? = 0
configure:14378: result: inline
configure:14396: checking for size_t
configure:14396: icc -std=gnu99 -c -O3 -axSSSE3 -no-ipo -no-prec-div -mdynamic-no-pic -ansi-alias -malign-double  conftest.c >&5
configure:14396: $? = 0
configure:14396: icc -std=gnu99 -c -O3 -axSSSE3 -no-ipo -no-prec-div -mdynamic-no-pic -ansi-alias -malign-double  conftest.c >&5
conftest.c(71): error: expected an expression
  if (sizeof ((size_t)))
                      ^

compilation aborted for conftest.c (code 2)
configure:14396: $? = 2
configure: failed program was:
| /* confdefs.h */
| #define PACKAGE_NAME "fftw"
| #define PACKAGE_TARNAME "fftw"
| #define PACKAGE_VERSION "3.3.3"
| #define PACKAGE_STRING "fftw 3.3.3"
| #define PACKAGE_BUGREPORT "fftw@fftw.org"
| #define PACKAGE_URL ""
| #define PACKAGE "fftw"
| #define VERSION "3.3.3"
| #define FFTW_ENABLE_ALLOCA 1
| #define STDC_HEADERS 1
| #define HAVE_SYS_TYPES_H 1
| #define HAVE_SYS_STAT_H 1
| #define HAVE_STDLIB_H 1
| #define HAVE_STRING_H 1
| #define HAVE_MEMORY_H 1
| #define HAVE_STRINGS_H 1
| #define HAVE_INTTYPES_H 1
| #define HAVE_STDINT_H 1
| #define HAVE_UNISTD_H 1
| #define HAVE_DLFCN_H 1
| #define LT_OBJDIR ".libs/"
| #define STDC_HEADERS 1
| #define HAVE_STDDEF_H 1
| #define HAVE_STDLIB_H 1
| #define HAVE_STRING_H 1
| #define HAVE_STRINGS_H 1
| #define HAVE_SYS_TIME_H 1
| #define HAVE_UNISTD_H 1
| #define HAVE_LIMITS_H 1
| #define HAVE_STDINT_H 1
| #define HAVE_MACH_MACH_TIME_H 1
| #define HAVE_SYS_SYSCTL_H 1
| /* end confdefs.h.  */
| #include <stdio.h>
| #ifdef HAVE_SYS_TYPES_H
| # include <sys/types.h>
| #endif
| #ifdef HAVE_SYS_STAT_H
| # include <sys/stat.h>
| #endif
| #ifdef STDC_HEADERS
| # include <stdlib.h>
| # include <stddef.h>
| #else
| # ifdef HAVE_STDLIB_H
| #  include <stdlib.h>
| # endif
| #endif
| #ifdef HAVE_STRING_H
| # if !defined STDC_HEADERS && defined HAVE_MEMORY_H
| #  include <memory.h>
| # endif
| # include <string.h>
| #endif
| #ifdef HAVE_STRINGS_H
| # include <strings.h>
| #endif
| #ifdef HAVE_INTTYPES_H
| # include <inttypes.h>
| #endif
| #ifdef HAVE_STDINT_H
| # include <stdint.h>
| #endif
| #ifdef HAVE_UNISTD_H
| # include <unistd.h>
| #endif
| int
| main ()
| {
| if (sizeof ((size_t)))
| 	    return 0;
|   ;
|   return 0;
| }
configure:14396: result: yes
configure:14407: checking whether time.h and sys/time.h may both be included
configure:14427: icc -std=gnu99 -c -O3 -axSSSE3 -no-ipo -no-prec-div -mdynamic-no-pic -ansi-alias -malign-double  conftest.c >&5
configure:14427: $? = 0
configure:14434: result: yes
configure:14442: checking for long double
configure:14442: icc -std=gnu99 -c -O3 -axSSSE3 -no-ipo -no-prec-div -mdynamic-no-pic -ansi-alias -malign-double  conftest.c >&5
configure:14442: $? = 0
configure:14442: icc -std=gnu99 -c -O3 -axSSSE3 -no-ipo -no-prec-div -mdynamic-no-pic -ansi-alias -malign-double  conftest.c >&5
conftest.c(72): error: expected an expression
  if (sizeof ((long double)))
                           ^

compilation aborted for conftest.c (code 2)
configure:14442: $? = 2
configure: failed program was:
| /* confdefs.h */
| #define PACKAGE_NAME "fftw"
| #define PACKAGE_TARNAME "fftw"
| #define PACKAGE_VERSION "3.3.3"
| #define PACKAGE_STRING "fftw 3.3.3"
| #define PACKAGE_BUGREPORT "fftw@fftw.org"
| #define PACKAGE_URL ""
| #define PACKAGE "fftw"
| #define VERSION "3.3.3"
| #define FFTW_ENABLE_ALLOCA 1
| #define STDC_HEADERS 1
| #define HAVE_SYS_TYPES_H 1
| #define HAVE_SYS_STAT_H 1
| #define HAVE_STDLIB_H 1
| #define HAVE_STRING_H 1
| #define HAVE_MEMORY_H 1
| #define HAVE_STRINGS_H 1
| #define HAVE_INTTYPES_H 1
| #define HAVE_STDINT_H 1
| #define HAVE_UNISTD_H 1
| #define HAVE_DLFCN_H 1
| #define LT_OBJDIR ".libs/"
| #define STDC_HEADERS 1
| #define HAVE_STDDEF_H 1
| #define HAVE_STDLIB_H 1
| #define HAVE_STRING_H 1
| #define HAVE_STRINGS_H 1
| #define HAVE_SYS_TIME_H 1
| #define HAVE_UNISTD_H 1
| #define HAVE_LIMITS_H 1
| #define HAVE_STDINT_H 1
| #define HAVE_MACH_MACH_TIME_H 1
| #define HAVE_SYS_SYSCTL_H 1
| #define TIME_WITH_SYS_TIME 1
| /* end confdefs.h.  */
| #include <stdio.h>
| #ifdef HAVE_SYS_TYPES_H
| # include <sys/types.h>
| #endif
| #ifdef HAVE_SYS_STAT_H
| # include <sys/stat.h>
| #endif
| #ifdef STDC_HEADERS
| # include <stdlib.h>
| # include <stddef.h>
| #else
| # ifdef HAVE_STDLIB_H
| #  include <stdlib.h>
| # endif
| #endif
| #ifdef HAVE_STRING_H
| # if !defined STDC_HEADERS && defined HAVE_MEMORY_H
| #  include <memory.h>
| # endif
| # include <string.h>
| #endif
| #ifdef HAVE_STRINGS_H
| # include <strings.h>
| #endif
| #ifdef HAVE_INTTYPES_H
| # include <inttypes.h>
| #endif
| #ifdef HAVE_STDINT_H
| # include <stdint.h>
| #endif
| #ifdef HAVE_UNISTD_H
| # include <unistd.h>
| #endif
| int
| main ()
| {
| if (sizeof ((long double)))
| 	    return 0;
|   ;
|   return 0;
| }
configure:14442: result: yes
configure:14455: checking for hrtime_t
configure:14455: icc -std=gnu99 -c -O3 -axSSSE3 -no-ipo -no-prec-div -mdynamic-no-pic -ansi-alias -malign-double  conftest.c >&5
conftest.c(46): error: identifier "hrtime_t" is undefined
  if (sizeof (hrtime_t))
              ^

compilation aborted for conftest.c (code 2)
configure:14455: $? = 2
configure: failed program was:
| /* confdefs.h */
| #define PACKAGE_NAME "fftw"
| #define PACKAGE_TARNAME "fftw"
| #define PACKAGE_VERSION "3.3.3"
| #define PACKAGE_STRING "fftw 3.3.3"
| #define PACKAGE_BUGREPORT "fftw@fftw.org"
| #define PACKAGE_URL ""
| #define PACKAGE "fftw"
| #define VERSION "3.3.3"
| #define FFTW_ENABLE_ALLOCA 1
| #define STDC_HEADERS 1
| #define HAVE_SYS_TYPES_H 1
| #define HAVE_SYS_STAT_H 1
| #define HAVE_STDLIB_H 1
| #define HAVE_STRING_H 1
| #define HAVE_MEMORY_H 1
| #define HAVE_STRINGS_H 1
| #define HAVE_INTTYPES_H 1
| #define HAVE_STDINT_H 1
| #define HAVE_UNISTD_H 1
| #define HAVE_DLFCN_H 1
| #define LT_OBJDIR ".libs/"
| #define STDC_HEADERS 1
| #define HAVE_STDDEF_H 1
| #define HAVE_STDLIB_H 1
| #define HAVE_STRING_H 1
| #define HAVE_STRINGS_H 1
| #define HAVE_SYS_TIME_H 1
| #define HAVE_UNISTD_H 1
| #define HAVE_LIMITS_H 1
| #define HAVE_STDINT_H 1
| #define HAVE_MACH_MACH_TIME_H 1
| #define HAVE_SYS_SYSCTL_H 1
| #define TIME_WITH_SYS_TIME 1
| #define HAVE_LONG_DOUBLE 1
| /* end confdefs.h.  */
| 
| #if HAVE_SYS_TIME_H
| #include <sys/time.h>
| #endif
| 
| 
| int
| main ()
| {
| if (sizeof (hrtime_t))
| 	 return 0;
|   ;
|   return 0;
| }
configure:14455: result: no
configure:14472: checking size of int
configure:14477: icc -std=gnu99 -o conftest -O3 -axSSSE3 -no-ipo -no-prec-div -mdynamic-no-pic -ansi-alias -malign-double   conftest.c  >&5
configure:14477: $? = 0
configure:14477: ./conftest
configure:14477: $? = 0
configure:14491: result: 4
configure:14505: checking size of unsigned int
configure:14510: icc -std=gnu99 -o conftest -O3 -axSSSE3 -no-ipo -no-prec-div -mdynamic-no-pic -ansi-alias -malign-double   conftest.c  >&5
configure:14510: $? = 0
configure:14510: ./conftest
configure:14510: $? = 0
configure:14524: result: 4
configure:14538: checking size of long
configure:14543: icc -std=gnu99 -o conftest -O3 -axSSSE3 -no-ipo -no-prec-div -mdynamic-no-pic -ansi-alias -malign-double   conftest.c  >&5
configure:14543: $? = 0
configure:14543: ./conftest
configure:14543: $? = 0
configure:14557: result: 8
configure:14571: checking size of unsigned long
configure:14576: icc -std=gnu99 -o conftest -O3 -axSSSE3 -no-ipo -no-prec-div -mdynamic-no-pic -ansi-alias -malign-double   conftest.c  >&5
configure:14576: $? = 0
configure:14576: ./conftest
configure:14576: $? = 0
configure:14590: result: 8
configure:14604: checking size of long long
configure:14609: icc -std=gnu99 -o conftest -O3 -axSSSE3 -no-ipo -no-prec-div -mdynamic-no-pic -ansi-alias -malign-double   conftest.c  >&5
configure:14609: $? = 0
configure:14609: ./conftest
configure:14609: $? = 0
configure:14623: result: 8
configure:14637: checking size of unsigned long long
configure:14642: icc -std=gnu99 -o conftest -O3 -axSSSE3 -no-ipo -no-prec-div -mdynamic-no-pic -ansi-alias -malign-double   conftest.c  >&5
configure:14642: $? = 0
configure:14642: ./conftest
configure:14642: $? = 0
configure:14656: result: 8
configure:14670: checking size of size_t
configure:14675: icc -std=gnu99 -o conftest -O3 -axSSSE3 -no-ipo -no-prec-div -mdynamic-no-pic -ansi-alias -malign-double   conftest.c  >&5
configure:14675: $? = 0
configure:14675: ./conftest
configure:14675: $? = 0
configure:14689: result: 8
configure:14703: checking size of ptrdiff_t
configure:14708: icc -std=gnu99 -o conftest -O3 -axSSSE3 -no-ipo -no-prec-div -mdynamic-no-pic -ansi-alias -malign-double   conftest.c  >&5
configure:14708: $? = 0
configure:14708: ./conftest
configure:14708: $? = 0
configure:14722: result: 8
configure:14733: checking for uintptr_t
configure:14733: icc -std=gnu99 -c -O3 -axSSSE3 -no-ipo -no-prec-div -mdynamic-no-pic -ansi-alias -malign-double  conftest.c >&5
configure:14733: $? = 0
configure:14733: icc -std=gnu99 -c -O3 -axSSSE3 -no-ipo -no-prec-div -mdynamic-no-pic -ansi-alias -malign-double  conftest.c >&5
conftest.c(85): error: expected an expression
  if (sizeof ((uintptr_t)))
                         ^

compilation aborted for conftest.c (code 2)
configure:14733: $? = 2
configure: failed program was:
| /* confdefs.h */
| #define PACKAGE_NAME "fftw"
| #define PACKAGE_TARNAME "fftw"
| #define PACKAGE_VERSION "3.3.3"
| #define PACKAGE_STRING "fftw 3.3.3"
| #define PACKAGE_BUGREPORT "fftw@fftw.org"
| #define PACKAGE_URL ""
| #define PACKAGE "fftw"
| #define VERSION "3.3.3"
| #define FFTW_ENABLE_ALLOCA 1
| #define STDC_HEADERS 1
| #define HAVE_SYS_TYPES_H 1
| #define HAVE_SYS_STAT_H 1
| #define HAVE_STDLIB_H 1
| #define HAVE_STRING_H 1
| #define HAVE_MEMORY_H 1
| #define HAVE_STRINGS_H 1
| #define HAVE_INTTYPES_H 1
| #define HAVE_STDINT_H 1
| #define HAVE_UNISTD_H 1
| #define HAVE_DLFCN_H 1
| #define LT_OBJDIR ".libs/"
| #define STDC_HEADERS 1
| #define HAVE_STDDEF_H 1
| #define HAVE_STDLIB_H 1
| #define HAVE_STRING_H 1
| #define HAVE_STRINGS_H 1
| #define HAVE_SYS_TIME_H 1
| #define HAVE_UNISTD_H 1
| #define HAVE_LIMITS_H 1
| #define HAVE_STDINT_H 1
| #define HAVE_MACH_MACH_TIME_H 1
| #define HAVE_SYS_SYSCTL_H 1
| #define TIME_WITH_SYS_TIME 1
| #define HAVE_LONG_DOUBLE 1
| #define SIZEOF_INT 4
| #define SIZEOF_UNSIGNED_INT 4
| #define SIZEOF_LONG 8
| #define SIZEOF_UNSIGNED_LONG 8
| #define SIZEOF_LONG_LONG 8
| #define SIZEOF_UNSIGNED_LONG_LONG 8
| #define SIZEOF_SIZE_T 8
| #define SIZEOF_PTRDIFF_T 8
| /* end confdefs.h.  */
| #include <stdio.h>
| #ifdef HAVE_SYS_TYPES_H
| # include <sys/types.h>
| #endif
| #ifdef HAVE_SYS_STAT_H
| # include <sys/stat.h>
| #endif
| #ifdef STDC_HEADERS
| # include <stdlib.h>
| # include <stddef.h>
| #else
| # ifdef HAVE_STDLIB_H
| #  include <stdlib.h>
| # endif
| #endif
| #ifdef HAVE_STRING_H
| # if !defined STDC_HEADERS && defined HAVE_MEMORY_H
| #  include <memory.h>
| # endif
| # include <string.h>
| #endif
| #ifdef HAVE_STRINGS_H
| # include <strings.h>
| #endif
| #ifdef HAVE_INTTYPES_H
| # include <inttypes.h>
| #endif
| #ifdef HAVE_STDINT_H
| # include <stdint.h>
| #endif
| #ifdef HAVE_UNISTD_H
| # include <unistd.h>
| #endif
| #ifdef HAVE_STDINT_H
| #  include <stdint.h>
| #endif
| 
| int
| main ()
| {
| if (sizeof ((uintptr_t)))
| 	    return 0;
|   ;
|   return 0;
| }
configure:14733: result: yes
configure:14786: checking size of float
configure:14791: icc -std=gnu99 -o conftest -O3 -axSSSE3 -no-ipo -no-prec-div -mdynamic-no-pic -ansi-alias -malign-double   conftest.c  >&5
configure:14791: $? = 0
configure:14791: ./conftest
configure:14791: $? = 0
configure:14805: result: 4
configure:14819: checking size of double
configure:14824: icc -std=gnu99 -o conftest -O3 -axSSSE3 -no-ipo -no-prec-div -mdynamic-no-pic -ansi-alias -malign-double   conftest.c  >&5
configure:14824: $? = 0
configure:14824: ./conftest
configure:14824: $? = 0
configure:14838: result: 8
configure:14853: checking size of fftw_r2r_kind
configure:14858: icc -std=gnu99 -o conftest -O3 -axSSSE3 -no-ipo -no-prec-div -mdynamic-no-pic -ansi-alias -malign-double   conftest.c  >&5
configure:14858: $? = 0
configure:14858: ./conftest
configure:14858: $? = 0
configure:14877: result: 4
configure:14893: checking for working alloca.h
configure:14910: icc -std=gnu99 -o conftest -O3 -axSSSE3 -no-ipo -no-prec-div -mdynamic-no-pic -ansi-alias -malign-double   conftest.c  >&5
configure:14910: $? = 0
configure:14918: result: yes
configure:14926: checking for alloca
configure:14963: icc -std=gnu99 -o conftest -O3 -axSSSE3 -no-ipo -no-prec-div -mdynamic-no-pic -ansi-alias -malign-double   conftest.c  >&5
configure:14963: $? = 0
configure:14971: result: yes
configure:15077: checking for working strtod
configure:15118: icc -std=gnu99 -o conftest -O3 -axSSSE3 -no-ipo -no-prec-div -mdynamic-no-pic -ansi-alias -malign-double   conftest.c  >&5
configure:15118: $? = 0
configure:15118: ./conftest
configure:15118: $? = 0
configure:15128: result: yes
configure:15192: checking for vprintf
configure:15192: icc -std=gnu99 -o conftest -O3 -axSSSE3 -no-ipo -no-prec-div -mdynamic-no-pic -ansi-alias -malign-double   conftest.c  >&5
configure:15192: $? = 0
configure:15192: result: yes
configure:15198: checking for _doprnt
configure:15198: icc -std=gnu99 -o conftest -O3 -axSSSE3 -no-ipo -no-prec-div -mdynamic-no-pic -ansi-alias -malign-double   conftest.c  >&5
Undefined symbols for architecture x86_64:
  "__doprnt", referenced from:
      _main in icc2HF2yi.o
ld: symbol(s) not found for architecture x86_64
configure:15198: $? = 1
configure: failed program was:
| /* confdefs.h */
| #define PACKAGE_NAME "fftw"
| #define PACKAGE_TARNAME "fftw"
| #define PACKAGE_VERSION "3.3.3"
| #define PACKAGE_STRING "fftw 3.3.3"
| #define PACKAGE_BUGREPORT "fftw@fftw.org"
| #define PACKAGE_URL ""
| #define PACKAGE "fftw"
| #define VERSION "3.3.3"
| #define FFTW_ENABLE_ALLOCA 1
| #define STDC_HEADERS 1
| #define HAVE_SYS_TYPES_H 1
| #define HAVE_SYS_STAT_H 1
| #define HAVE_STDLIB_H 1
| #define HAVE_STRING_H 1
| #define HAVE_MEMORY_H 1
| #define HAVE_STRINGS_H 1
| #define HAVE_INTTYPES_H 1
| #define HAVE_STDINT_H 1
| #define HAVE_UNISTD_H 1
| #define HAVE_DLFCN_H 1
| #define LT_OBJDIR ".libs/"
| #define STDC_HEADERS 1
| #define HAVE_STDDEF_H 1
| #define HAVE_STDLIB_H 1
| #define HAVE_STRING_H 1
| #define HAVE_STRINGS_H 1
| #define HAVE_SYS_TIME_H 1
| #define HAVE_UNISTD_H 1
| #define HAVE_LIMITS_H 1
| #define HAVE_STDINT_H 1
| #define HAVE_MACH_MACH_TIME_H 1
| #define HAVE_SYS_SYSCTL_H 1
| #define TIME_WITH_SYS_TIME 1
| #define HAVE_LONG_DOUBLE 1
| #define SIZEOF_INT 4
| #define SIZEOF_UNSIGNED_INT 4
| #define SIZEOF_LONG 8
| #define SIZEOF_UNSIGNED_LONG 8
| #define SIZEOF_LONG_LONG 8
| #define SIZEOF_UNSIGNED_LONG_LONG 8
| #define SIZEOF_SIZE_T 8
| #define SIZEOF_PTRDIFF_T 8
| #define HAVE_UINTPTR_T 1
| #define SIZEOF_FLOAT 4
| #define SIZEOF_DOUBLE 8
| #define SIZEOF_FFTW_R2R_KIND 4
| #define HAVE_ALLOCA_H 1
| #define HAVE_ALLOCA 1
| #define HAVE_VPRINTF 1
| /* end confdefs.h.  */
| /* Define _doprnt to an innocuous variant, in case <limits.h> declares _doprnt.
|    For example, HP-UX 11i <limits.h> declares gettimeofday.  */
| #define _doprnt innocuous__doprnt
| 
| /* System header to define __stub macros and hopefully few prototypes,
|     which can conflict with char _doprnt (); below.
|     Prefer <limits.h> to <assert.h> if __STDC__ is defined, since
|     <limits.h> exists even on freestanding compilers.  */
| 
| #ifdef __STDC__
| # include <limits.h>
| #else
| # include <assert.h>
| #endif
| 
| #undef _doprnt
| 
| /* Override any GCC internal prototype to avoid an error.
|    Use char because int might match the return type of a GCC
|    builtin and then its argument prototype would still apply.  */
| #ifdef __cplusplus
| extern "C"
| #endif
| char _doprnt ();
| /* The GNU C library defines this for functions which it implements
|     to always fail with ENOSYS.  Some functions are actually named
|     something starting with __ and the normal name is an alias.  */
| #if defined __stub__doprnt || defined __stub____doprnt
| choke me
| #endif
| 
| int
| main ()
| {
| return _doprnt ();
|   ;
|   return 0;
| }
configure:15198: result: no
configure:15209: checking for sin in -lm
configure:15234: icc -std=gnu99 -o conftest -O3 -axSSSE3 -no-ipo -no-prec-div -mdynamic-no-pic -ansi-alias -malign-double   conftest.c -lm   >&5
configure:15234: $? = 0
configure:15243: result: yes
configure:15348: checking for BSDgettimeofday
configure:15348: icc -std=gnu99 -o conftest -O3 -axSSSE3 -no-ipo -no-prec-div -mdynamic-no-pic -ansi-alias -malign-double   conftest.c -lm  >&5
Undefined symbols for architecture x86_64:
  "_BSDgettimeofday", referenced from:
      _main in iccYILeJz.o
ld: symbol(s) not found for architecture x86_64
configure:15348: $? = 1
configure: failed program was:
| /* confdefs.h */
| #define PACKAGE_NAME "fftw"
| #define PACKAGE_TARNAME "fftw"
| #define PACKAGE_VERSION "3.3.3"
| #define PACKAGE_STRING "fftw 3.3.3"
| #define PACKAGE_BUGREPORT "fftw@fftw.org"
| #define PACKAGE_URL ""
| #define PACKAGE "fftw"
| #define VERSION "3.3.3"
| #define FFTW_ENABLE_ALLOCA 1
| #define STDC_HEADERS 1
| #define HAVE_SYS_TYPES_H 1
| #define HAVE_SYS_STAT_H 1
| #define HAVE_STDLIB_H 1
| #define HAVE_STRING_H 1
| #define HAVE_MEMORY_H 1
| #define HAVE_STRINGS_H 1
| #define HAVE_INTTYPES_H 1
| #define HAVE_STDINT_H 1
| #define HAVE_UNISTD_H 1
| #define HAVE_DLFCN_H 1
| #define LT_OBJDIR ".libs/"
| #define STDC_HEADERS 1
| #define HAVE_STDDEF_H 1
| #define HAVE_STDLIB_H 1
| #define HAVE_STRING_H 1
| #define HAVE_STRINGS_H 1
| #define HAVE_SYS_TIME_H 1
| #define HAVE_UNISTD_H 1
| #define HAVE_LIMITS_H 1
| #define HAVE_STDINT_H 1
| #define HAVE_MACH_MACH_TIME_H 1
| #define HAVE_SYS_SYSCTL_H 1
| #define TIME_WITH_SYS_TIME 1
| #define HAVE_LONG_DOUBLE 1
| #define SIZEOF_INT 4
| #define SIZEOF_UNSIGNED_INT 4
| #define SIZEOF_LONG 8
| #define SIZEOF_UNSIGNED_LONG 8
| #define SIZEOF_LONG_LONG 8
| #define SIZEOF_UNSIGNED_LONG_LONG 8
| #define SIZEOF_SIZE_T 8
| #define SIZEOF_PTRDIFF_T 8
| #define HAVE_UINTPTR_T 1
| #define SIZEOF_FLOAT 4
| #define SIZEOF_DOUBLE 8
| #define SIZEOF_FFTW_R2R_KIND 4
| #define HAVE_ALLOCA_H 1
| #define HAVE_ALLOCA 1
| #define HAVE_VPRINTF 1
| #define HAVE_LIBM 1
| /* end confdefs.h.  */
| /* Define BSDgettimeofday to an innocuous variant, in case <limits.h> declares BSDgettimeofday.
|    For example, HP-UX 11i <limits.h> declares gettimeofday.  */
| #define BSDgettimeofday innocuous_BSDgettimeofday
| 
| /* System header to define __stub macros and hopefully few prototypes,
|     which can conflict with char BSDgettimeofday (); below.
|     Prefer <limits.h> to <assert.h> if __STDC__ is defined, since
|     <limits.h> exists even on freestanding compilers.  */
| 
| #ifdef __STDC__
| # include <limits.h>
| #else
| # include <assert.h>
| #endif
| 
| #undef BSDgettimeofday
| 
| /* Override any GCC internal prototype to avoid an error.
|    Use char because int might match the return type of a GCC
|    builtin and then its argument prototype would still apply.  */
| #ifdef __cplusplus
| extern "C"
| #endif
| char BSDgettimeofday ();
| /* The GNU C library defines this for functions which it implements
|     to always fail with ENOSYS.  Some functions are actually named
|     something starting with __ and the normal name is an alias.  */
| #if defined __stub_BSDgettimeofday || defined __stub___BSDgettimeofday
| choke me
| #endif
| 
| int
| main ()
| {
| return BSDgettimeofday ();
|   ;
|   return 0;
| }
configure:15348: result: no
configure:15348: checking for gettimeofday
configure:15348: icc -std=gnu99 -o conftest -O3 -axSSSE3 -no-ipo -no-prec-div -mdynamic-no-pic -ansi-alias -malign-double   conftest.c -lm  >&5
configure:15348: $? = 0
configure:15348: result: yes
configure:15348: checking for gethrtime
configure:15348: icc -std=gnu99 -o conftest -O3 -axSSSE3 -no-ipo -no-prec-div -mdynamic-no-pic -ansi-alias -malign-double   conftest.c -lm  >&5
Undefined symbols for architecture x86_64:
  "_gethrtime", referenced from:
      _main in iccstRPY2.o
ld: symbol(s) not found for architecture x86_64
configure:15348: $? = 1
configure: failed program was:
| /* confdefs.h */
| #define PACKAGE_NAME "fftw"
| #define PACKAGE_TARNAME "fftw"
| #define PACKAGE_VERSION "3.3.3"
| #define PACKAGE_STRING "fftw 3.3.3"
| #define PACKAGE_BUGREPORT "fftw@fftw.org"
| #define PACKAGE_URL ""
| #define PACKAGE "fftw"
| #define VERSION "3.3.3"
| #define FFTW_ENABLE_ALLOCA 1
| #define STDC_HEADERS 1
| #define HAVE_SYS_TYPES_H 1
| #define HAVE_SYS_STAT_H 1
| #define HAVE_STDLIB_H 1
| #define HAVE_STRING_H 1
| #define HAVE_MEMORY_H 1
| #define HAVE_STRINGS_H 1
| #define HAVE_INTTYPES_H 1
| #define HAVE_STDINT_H 1
| #define HAVE_UNISTD_H 1
| #define HAVE_DLFCN_H 1
| #define LT_OBJDIR ".libs/"
| #define STDC_HEADERS 1
| #define HAVE_STDDEF_H 1
| #define HAVE_STDLIB_H 1
| #define HAVE_STRING_H 1
| #define HAVE_STRINGS_H 1
| #define HAVE_SYS_TIME_H 1
| #define HAVE_UNISTD_H 1
| #define HAVE_LIMITS_H 1
| #define HAVE_STDINT_H 1
| #define HAVE_MACH_MACH_TIME_H 1
| #define HAVE_SYS_SYSCTL_H 1
| #define TIME_WITH_SYS_TIME 1
| #define HAVE_LONG_DOUBLE 1
| #define SIZEOF_INT 4
| #define SIZEOF_UNSIGNED_INT 4
| #define SIZEOF_LONG 8
| #define SIZEOF_UNSIGNED_LONG 8
| #define SIZEOF_LONG_LONG 8
| #define SIZEOF_UNSIGNED_LONG_LONG 8
| #define SIZEOF_SIZE_T 8
| #define SIZEOF_PTRDIFF_T 8
| #define HAVE_UINTPTR_T 1
| #define SIZEOF_FLOAT 4
| #define SIZEOF_DOUBLE 8
| #define SIZEOF_FFTW_R2R_KIND 4
| #define HAVE_ALLOCA_H 1
| #define HAVE_ALLOCA 1
| #define HAVE_VPRINTF 1
| #define HAVE_LIBM 1
| #define HAVE_GETTIMEOFDAY 1
| /* end confdefs.h.  */
| /* Define gethrtime to an innocuous variant, in case <limits.h> declares gethrtime.
|    For example, HP-UX 11i <limits.h> declares gettimeofday.  */
| #define gethrtime innocuous_gethrtime
| 
| /* System header to define __stub macros and hopefully few prototypes,
|     which can conflict with char gethrtime (); below.
|     Prefer <limits.h> to <assert.h> if __STDC__ is defined, since
|     <limits.h> exists even on freestanding compilers.  */
| 
| #ifdef __STDC__
| # include <limits.h>
| #else
| # include <assert.h>
| #endif
| 
| #undef gethrtime
| 
| /* Override any GCC internal prototype to avoid an error.
|    Use char because int might match the return type of a GCC
|    builtin and then its argument prototype would still apply.  */
| #ifdef __cplusplus
| extern "C"
| #endif
| char gethrtime ();
| /* The GNU C library defines this for functions which it implements
|     to always fail with ENOSYS.  Some functions are actually named
|     something starting with __ and the normal name is an alias.  */
| #if defined __stub_gethrtime || defined __stub___gethrtime
| choke me
| #endif
| 
| int
| main ()
| {
| return gethrtime ();
|   ;
|   return 0;
| }
configure:15348: result: no
configure:15348: checking for read_real_time
configure:15348: icc -std=gnu99 -o conftest -O3 -axSSSE3 -no-ipo -no-prec-div -mdynamic-no-pic -ansi-alias -malign-double   conftest.c -lm  >&5
Undefined symbols for architecture x86_64:
  "_read_real_time", referenced from:
      _main in iccAMAenB.o
ld: symbol(s) not found for architecture x86_64
configure:15348: $? = 1
configure: failed program was:
| /* confdefs.h */
| #define PACKAGE_NAME "fftw"
| #define PACKAGE_TARNAME "fftw"
| #define PACKAGE_VERSION "3.3.3"
| #define PACKAGE_STRING "fftw 3.3.3"
| #define PACKAGE_BUGREPORT "fftw@fftw.org"
| #define PACKAGE_URL ""
| #define PACKAGE "fftw"
| #define VERSION "3.3.3"
| #define FFTW_ENABLE_ALLOCA 1
| #define STDC_HEADERS 1
| #define HAVE_SYS_TYPES_H 1
| #define HAVE_SYS_STAT_H 1
| #define HAVE_STDLIB_H 1
| #define HAVE_STRING_H 1
| #define HAVE_MEMORY_H 1
| #define HAVE_STRINGS_H 1
| #define HAVE_INTTYPES_H 1
| #define HAVE_STDINT_H 1
| #define HAVE_UNISTD_H 1
| #define HAVE_DLFCN_H 1
| #define LT_OBJDIR ".libs/"
| #define STDC_HEADERS 1
| #define HAVE_STDDEF_H 1
| #define HAVE_STDLIB_H 1
| #define HAVE_STRING_H 1
| #define HAVE_STRINGS_H 1
| #define HAVE_SYS_TIME_H 1
| #define HAVE_UNISTD_H 1
| #define HAVE_LIMITS_H 1
| #define HAVE_STDINT_H 1
| #define HAVE_MACH_MACH_TIME_H 1
| #define HAVE_SYS_SYSCTL_H 1
| #define TIME_WITH_SYS_TIME 1
| #define HAVE_LONG_DOUBLE 1
| #define SIZEOF_INT 4
| #define SIZEOF_UNSIGNED_INT 4
| #define SIZEOF_LONG 8
| #define SIZEOF_UNSIGNED_LONG 8
| #define SIZEOF_LONG_LONG 8
| #define SIZEOF_UNSIGNED_LONG_LONG 8
| #define SIZEOF_SIZE_T 8
| #define SIZEOF_PTRDIFF_T 8
| #define HAVE_UINTPTR_T 1
| #define SIZEOF_FLOAT 4
| #define SIZEOF_DOUBLE 8
| #define SIZEOF_FFTW_R2R_KIND 4
| #define HAVE_ALLOCA_H 1
| #define HAVE_ALLOCA 1
| #define HAVE_VPRINTF 1
| #define HAVE_LIBM 1
| #define HAVE_GETTIMEOFDAY 1
| /* end confdefs.h.  */
| /* Define read_real_time to an innocuous variant, in case <limits.h> declares read_real_time.
|    For example, HP-UX 11i <limits.h> declares gettimeofday.  */
| #define read_real_time innocuous_read_real_time
| 
| /* System header to define __stub macros and hopefully few prototypes,
|     which can conflict with char read_real_time (); below.
|     Prefer <limits.h> to <assert.h> if __STDC__ is defined, since
|     <limits.h> exists even on freestanding compilers.  */
| 
| #ifdef __STDC__
| # include <limits.h>
| #else
| # include <assert.h>
| #endif
| 
| #undef read_real_time
| 
| /* Override any GCC internal prototype to avoid an error.
|    Use char because int might match the return type of a GCC
|    builtin and then its argument prototype would still apply.  */
| #ifdef __cplusplus
| extern "C"
| #endif
| char read_real_time ();
| /* The GNU C library defines this for functions which it implements
|     to always fail with ENOSYS.  Some functions are actually named
|     something starting with __ and the normal name is an alias.  */
| #if defined __stub_read_real_time || defined __stub___read_real_time
| choke me
| #endif
| 
| int
| main ()
| {
| return read_real_time ();
|   ;
|   return 0;
| }
configure:15348: result: no
configure:15348: checking for time_base_to_time
configure:15348: icc -std=gnu99 -o conftest -O3 -axSSSE3 -no-ipo -no-prec-div -mdynamic-no-pic -ansi-alias -malign-double   conftest.c -lm  >&5
Undefined symbols for architecture x86_64:
  "_time_base_to_time", referenced from:
      _main in iccwdLpJm.o
ld: symbol(s) not found for architecture x86_64
configure:15348: $? = 1
configure: failed program was:
| /* confdefs.h */
| #define PACKAGE_NAME "fftw"
| #define PACKAGE_TARNAME "fftw"
| #define PACKAGE_VERSION "3.3.3"
| #define PACKAGE_STRING "fftw 3.3.3"
| #define PACKAGE_BUGREPORT "fftw@fftw.org"
| #define PACKAGE_URL ""
| #define PACKAGE "fftw"
| #define VERSION "3.3.3"
| #define FFTW_ENABLE_ALLOCA 1
| #define STDC_HEADERS 1
| #define HAVE_SYS_TYPES_H 1
| #define HAVE_SYS_STAT_H 1
| #define HAVE_STDLIB_H 1
| #define HAVE_STRING_H 1
| #define HAVE_MEMORY_H 1
| #define HAVE_STRINGS_H 1
| #define HAVE_INTTYPES_H 1
| #define HAVE_STDINT_H 1
| #define HAVE_UNISTD_H 1
| #define HAVE_DLFCN_H 1
| #define LT_OBJDIR ".libs/"
| #define STDC_HEADERS 1
| #define HAVE_STDDEF_H 1
| #define HAVE_STDLIB_H 1
| #define HAVE_STRING_H 1
| #define HAVE_STRINGS_H 1
| #define HAVE_SYS_TIME_H 1
| #define HAVE_UNISTD_H 1
| #define HAVE_LIMITS_H 1
| #define HAVE_STDINT_H 1
| #define HAVE_MACH_MACH_TIME_H 1
| #define HAVE_SYS_SYSCTL_H 1
| #define TIME_WITH_SYS_TIME 1
| #define HAVE_LONG_DOUBLE 1
| #define SIZEOF_INT 4
| #define SIZEOF_UNSIGNED_INT 4
| #define SIZEOF_LONG 8
| #define SIZEOF_UNSIGNED_LONG 8
| #define SIZEOF_LONG_LONG 8
| #define SIZEOF_UNSIGNED_LONG_LONG 8
| #define SIZEOF_SIZE_T 8
| #define SIZEOF_PTRDIFF_T 8
| #define HAVE_UINTPTR_T 1
| #define SIZEOF_FLOAT 4
| #define SIZEOF_DOUBLE 8
| #define SIZEOF_FFTW_R2R_KIND 4
| #define HAVE_ALLOCA_H 1
| #define HAVE_ALLOCA 1
| #define HAVE_VPRINTF 1
| #define HAVE_LIBM 1
| #define HAVE_GETTIMEOFDAY 1
| /* end confdefs.h.  */
| /* Define time_base_to_time to an innocuous variant, in case <limits.h> declares time_base_to_time.
|    For example, HP-UX 11i <limits.h> declares gettimeofday.  */
| #define time_base_to_time innocuous_time_base_to_time
| 
| /* System header to define __stub macros and hopefully few prototypes,
|     which can conflict with char time_base_to_time (); below.
|     Prefer <limits.h> to <assert.h> if __STDC__ is defined, since
|     <limits.h> exists even on freestanding compilers.  */
| 
| #ifdef __STDC__
| # include <limits.h>
| #else
| # include <assert.h>
| #endif
| 
| #undef time_base_to_time
| 
| /* Override any GCC internal prototype to avoid an error.
|    Use char because int might match the return type of a GCC
|    builtin and then its argument prototype would still apply.  */
| #ifdef __cplusplus
| extern "C"
| #endif
| char time_base_to_time ();
| /* The GNU C library defines this for functions which it implements
|     to always fail with ENOSYS.  Some functions are actually named
|     something starting with __ and the normal name is an alias.  */
| #if defined __stub_time_base_to_time || defined __stub___time_base_to_time
| choke me
| #endif
| 
| int
| main ()
| {
| return time_base_to_time ();
|   ;
|   return 0;
| }
configure:15348: result: no
configure:15348: checking for drand48
configure:15348: icc -std=gnu99 -o conftest -O3 -axSSSE3 -no-ipo -no-prec-div -mdynamic-no-pic -ansi-alias -malign-double   conftest.c -lm  >&5
configure:15348: $? = 0
configure:15348: result: yes
configure:15348: checking for sqrt
configure:15348: icc -std=gnu99 -o conftest -O3 -axSSSE3 -no-ipo -no-prec-div -mdynamic-no-pic -ansi-alias -malign-double   conftest.c -lm  >&5
configure:15348: $? = 0
configure:15348: result: yes
configure:15348: checking for memset
configure:15348: icc -std=gnu99 -o conftest -O3 -axSSSE3 -no-ipo -no-prec-div -mdynamic-no-pic -ansi-alias -malign-double   conftest.c -lm  >&5
configure:15348: $? = 0
configure:15348: result: yes
configure:15348: checking for posix_memalign
configure:15348: icc -std=gnu99 -o conftest -O3 -axSSSE3 -no-ipo -no-prec-div -mdynamic-no-pic -ansi-alias -malign-double   conftest.c -lm  >&5
configure:15348: $? = 0
configure:15348: result: yes
configure:15348: checking for memalign
configure:15348: icc -std=gnu99 -o conftest -O3 -axSSSE3 -no-ipo -no-prec-div -mdynamic-no-pic -ansi-alias -malign-double   conftest.c -lm  >&5
Undefined symbols for architecture x86_64:
  "_memalign", referenced from:
      _main in iccqvPR1c.o
ld: symbol(s) not found for architecture x86_64
configure:15348: $? = 1
configure: failed program was:
| /* confdefs.h */
| #define PACKAGE_NAME "fftw"
| #define PACKAGE_TARNAME "fftw"
| #define PACKAGE_VERSION "3.3.3"
| #define PACKAGE_STRING "fftw 3.3.3"
| #define PACKAGE_BUGREPORT "fftw@fftw.org"
| #define PACKAGE_URL ""
| #define PACKAGE "fftw"
| #define VERSION "3.3.3"
| #define FFTW_ENABLE_ALLOCA 1
| #define STDC_HEADERS 1
| #define HAVE_SYS_TYPES_H 1
| #define HAVE_SYS_STAT_H 1
| #define HAVE_STDLIB_H 1
| #define HAVE_STRING_H 1
| #define HAVE_MEMORY_H 1
| #define HAVE_STRINGS_H 1
| #define HAVE_INTTYPES_H 1
| #define HAVE_STDINT_H 1
| #define HAVE_UNISTD_H 1
| #define HAVE_DLFCN_H 1
| #define LT_OBJDIR ".libs/"
| #define STDC_HEADERS 1
| #define HAVE_STDDEF_H 1
| #define HAVE_STDLIB_H 1
| #define HAVE_STRING_H 1
| #define HAVE_STRINGS_H 1
| #define HAVE_SYS_TIME_H 1
| #define HAVE_UNISTD_H 1
| #define HAVE_LIMITS_H 1
| #define HAVE_STDINT_H 1
| #define HAVE_MACH_MACH_TIME_H 1
| #define HAVE_SYS_SYSCTL_H 1
| #define TIME_WITH_SYS_TIME 1
| #define HAVE_LONG_DOUBLE 1
| #define SIZEOF_INT 4
| #define SIZEOF_UNSIGNED_INT 4
| #define SIZEOF_LONG 8
| #define SIZEOF_UNSIGNED_LONG 8
| #define SIZEOF_LONG_LONG 8
| #define SIZEOF_UNSIGNED_LONG_LONG 8
| #define SIZEOF_SIZE_T 8
| #define SIZEOF_PTRDIFF_T 8
| #define HAVE_UINTPTR_T 1
| #define SIZEOF_FLOAT 4
| #define SIZEOF_DOUBLE 8
| #define SIZEOF_FFTW_R2R_KIND 4
| #define HAVE_ALLOCA_H 1
| #define HAVE_ALLOCA 1
| #define HAVE_VPRINTF 1
| #define HAVE_LIBM 1
| #define HAVE_GETTIMEOFDAY 1
| #define HAVE_DRAND48 1
| #define HAVE_SQRT 1
| #define HAVE_MEMSET 1
| #define HAVE_POSIX_MEMALIGN 1
| /* end confdefs.h.  */
| /* Define memalign to an innocuous variant, in case <limits.h> declares memalign.
|    For example, HP-UX 11i <limits.h> declares gettimeofday.  */
| #define memalign innocuous_memalign
| 
| /* System header to define __stub macros and hopefully few prototypes,
|     which can conflict with char memalign (); below.
|     Prefer <limits.h> to <assert.h> if __STDC__ is defined, since
|     <limits.h> exists even on freestanding compilers.  */
| 
| #ifdef __STDC__
| # include <limits.h>
| #else
| # include <assert.h>
| #endif
| 
| #undef memalign
| 
| /* Override any GCC internal prototype to avoid an error.
|    Use char because int might match the return type of a GCC
|    builtin and then its argument prototype would still apply.  */
| #ifdef __cplusplus
| extern "C"
| #endif
| char memalign ();
| /* The GNU C library defines this for functions which it implements
|     to always fail with ENOSYS.  Some functions are actually named
|     something starting with __ and the normal name is an alias.  */
| #if defined __stub_memalign || defined __stub___memalign
| choke me
| #endif
| 
| int
| main ()
| {
| return memalign ();
|   ;
|   return 0;
| }
configure:15348: result: no
configure:15348: checking for _mm_malloc
configure:15348: icc -std=gnu99 -o conftest -O3 -axSSSE3 -no-ipo -no-prec-div -mdynamic-no-pic -ansi-alias -malign-double   conftest.c -lm  >&5
configure:15348: $? = 0
configure:15348: result: yes
configure:15348: checking for _mm_free
configure:15348: icc -std=gnu99 -o conftest -O3 -axSSSE3 -no-ipo -no-prec-div -mdynamic-no-pic -ansi-alias -malign-double   conftest.c -lm  >&5
configure:15348: $? = 0
configure:15348: result: yes
configure:15348: checking for clock_gettime
configure:15348: icc -std=gnu99 -o conftest -O3 -axSSSE3 -no-ipo -no-prec-div -mdynamic-no-pic -ansi-alias -malign-double   conftest.c -lm  >&5
Undefined symbols for architecture x86_64:
  "_clock_gettime", referenced from:
      _main in iccg01osi.o
ld: symbol(s) not found for architecture x86_64
configure:15348: $? = 1
configure: failed program was:
| /* confdefs.h */
| #define PACKAGE_NAME "fftw"
| #define PACKAGE_TARNAME "fftw"
| #define PACKAGE_VERSION "3.3.3"
| #define PACKAGE_STRING "fftw 3.3.3"
| #define PACKAGE_BUGREPORT "fftw@fftw.org"
| #define PACKAGE_URL ""
| #define PACKAGE "fftw"
| #define VERSION "3.3.3"
| #define FFTW_ENABLE_ALLOCA 1
| #define STDC_HEADERS 1
| #define HAVE_SYS_TYPES_H 1
| #define HAVE_SYS_STAT_H 1
| #define HAVE_STDLIB_H 1
| #define HAVE_STRING_H 1
| #define HAVE_MEMORY_H 1
| #define HAVE_STRINGS_H 1
| #define HAVE_INTTYPES_H 1
| #define HAVE_STDINT_H 1
| #define HAVE_UNISTD_H 1
| #define HAVE_DLFCN_H 1
| #define LT_OBJDIR ".libs/"
| #define STDC_HEADERS 1
| #define HAVE_STDDEF_H 1
| #define HAVE_STDLIB_H 1
| #define HAVE_STRING_H 1
| #define HAVE_STRINGS_H 1
| #define HAVE_SYS_TIME_H 1
| #define HAVE_UNISTD_H 1
| #define HAVE_LIMITS_H 1
| #define HAVE_STDINT_H 1
| #define HAVE_MACH_MACH_TIME_H 1
| #define HAVE_SYS_SYSCTL_H 1
| #define TIME_WITH_SYS_TIME 1
| #define HAVE_LONG_DOUBLE 1
| #define SIZEOF_INT 4
| #define SIZEOF_UNSIGNED_INT 4
| #define SIZEOF_LONG 8
| #define SIZEOF_UNSIGNED_LONG 8
| #define SIZEOF_LONG_LONG 8
| #define SIZEOF_UNSIGNED_LONG_LONG 8
| #define SIZEOF_SIZE_T 8
| #define SIZEOF_PTRDIFF_T 8
| #define HAVE_UINTPTR_T 1
| #define SIZEOF_FLOAT 4
| #define SIZEOF_DOUBLE 8
| #define SIZEOF_FFTW_R2R_KIND 4
| #define HAVE_ALLOCA_H 1
| #define HAVE_ALLOCA 1
| #define HAVE_VPRINTF 1
| #define HAVE_LIBM 1
| #define HAVE_GETTIMEOFDAY 1
| #define HAVE_DRAND48 1
| #define HAVE_SQRT 1
| #define HAVE_MEMSET 1
| #define HAVE_POSIX_MEMALIGN 1
| #define HAVE__MM_MALLOC 1
| #define HAVE__MM_FREE 1
| /* end confdefs.h.  */
| /* Define clock_gettime to an innocuous variant, in case <limits.h> declares clock_gettime.
|    For example, HP-UX 11i <limits.h> declares gettimeofday.  */
| #define clock_gettime innocuous_clock_gettime
| 
| /* System header to define __stub macros and hopefully few prototypes,
|     which can conflict with char clock_gettime (); below.
|     Prefer <limits.h> to <assert.h> if __STDC__ is defined, since
|     <limits.h> exists even on freestanding compilers.  */
| 
| #ifdef __STDC__
| # include <limits.h>
| #else
| # include <assert.h>
| #endif
| 
| #undef clock_gettime
| 
| /* Override any GCC internal prototype to avoid an error.
|    Use char because int might match the return type of a GCC
|    builtin and then its argument prototype would still apply.  */
| #ifdef __cplusplus
| extern "C"
| #endif
| char clock_gettime ();
| /* The GNU C library defines this for functions which it implements
|     to always fail with ENOSYS.  Some functions are actually named
|     something starting with __ and the normal name is an alias.  */
| #if defined __stub_clock_gettime || defined __stub___clock_gettime
| choke me
| #endif
| 
| int
| main ()
| {
| return clock_gettime ();
|   ;
|   return 0;
| }
configure:15348: result: no
configure:15348: checking for mach_absolute_time
configure:15348: icc -std=gnu99 -o conftest -O3 -axSSSE3 -no-ipo -no-prec-div -mdynamic-no-pic -ansi-alias -malign-double   conftest.c -lm  >&5
configure:15348: $? = 0
configure:15348: result: yes
configure:15348: checking for sysctl
configure:15348: icc -std=gnu99 -o conftest -O3 -axSSSE3 -no-ipo -no-prec-div -mdynamic-no-pic -ansi-alias -malign-double   conftest.c -lm  >&5
configure:15348: $? = 0
configure:15348: result: yes
configure:15348: checking for abort
configure:15348: icc -std=gnu99 -o conftest -O3 -axSSSE3 -no-ipo -no-prec-div -mdynamic-no-pic -ansi-alias -malign-double   conftest.c -lm  >&5
configure:15348: $? = 0
configure:15348: result: yes
configure:15348: checking for sinl
configure:15348: icc -std=gnu99 -o conftest -O3 -axSSSE3 -no-ipo -no-prec-div -mdynamic-no-pic -ansi-alias -malign-double   conftest.c -lm  >&5
configure:15348: $? = 0
configure:15348: result: yes
configure:15348: checking for cosl
configure:15348: icc -std=gnu99 -o conftest -O3 -axSSSE3 -no-ipo -no-prec-div -mdynamic-no-pic -ansi-alias -malign-double   conftest.c -lm  >&5
configure:15348: $? = 0
configure:15348: result: yes
configure:15348: checking for snprintf
configure:15348: icc -std=gnu99 -o conftest -O3 -axSSSE3 -no-ipo -no-prec-div -mdynamic-no-pic -ansi-alias -malign-double   conftest.c -lm  >&5
configure:15348: $? = 0
configure:15348: result: yes
configure:15357: checking whether drand48 is declared
configure:15357: icc -std=gnu99 -c -O3 -axSSSE3 -no-ipo -no-prec-div -mdynamic-no-pic -ansi-alias -malign-double  conftest.c >&5
configure:15357: $? = 0
configure:15357: result: yes
configure:15367: checking whether srand48 is declared
configure:15367: icc -std=gnu99 -c -O3 -axSSSE3 -no-ipo -no-prec-div -mdynamic-no-pic -ansi-alias -malign-double  conftest.c >&5
configure:15367: $? = 0
configure:15367: result: yes
configure:15377: checking whether memalign is declared
configure:15377: icc -std=gnu99 -c -O3 -axSSSE3 -no-ipo -no-prec-div -mdynamic-no-pic -ansi-alias -malign-double  conftest.c >&5
conftest.c(108): error: identifier "memalign" is undefined
    (void) memalign;
           ^

compilation aborted for conftest.c (code 2)
configure:15377: $? = 2
configure: failed program was:
| /* confdefs.h */
| #define PACKAGE_NAME "fftw"
| #define PACKAGE_TARNAME "fftw"
| #define PACKAGE_VERSION "3.3.3"
| #define PACKAGE_STRING "fftw 3.3.3"
| #define PACKAGE_BUGREPORT "fftw@fftw.org"
| #define PACKAGE_URL ""
| #define PACKAGE "fftw"
| #define VERSION "3.3.3"
| #define FFTW_ENABLE_ALLOCA 1
| #define STDC_HEADERS 1
| #define HAVE_SYS_TYPES_H 1
| #define HAVE_SYS_STAT_H 1
| #define HAVE_STDLIB_H 1
| #define HAVE_STRING_H 1
| #define HAVE_MEMORY_H 1
| #define HAVE_STRINGS_H 1
| #define HAVE_INTTYPES_H 1
| #define HAVE_STDINT_H 1
| #define HAVE_UNISTD_H 1
| #define HAVE_DLFCN_H 1
| #define LT_OBJDIR ".libs/"
| #define STDC_HEADERS 1
| #define HAVE_STDDEF_H 1
| #define HAVE_STDLIB_H 1
| #define HAVE_STRING_H 1
| #define HAVE_STRINGS_H 1
| #define HAVE_SYS_TIME_H 1
| #define HAVE_UNISTD_H 1
| #define HAVE_LIMITS_H 1
| #define HAVE_STDINT_H 1
| #define HAVE_MACH_MACH_TIME_H 1
| #define HAVE_SYS_SYSCTL_H 1
| #define TIME_WITH_SYS_TIME 1
| #define HAVE_LONG_DOUBLE 1
| #define SIZEOF_INT 4
| #define SIZEOF_UNSIGNED_INT 4
| #define SIZEOF_LONG 8
| #define SIZEOF_UNSIGNED_LONG 8
| #define SIZEOF_LONG_LONG 8
| #define SIZEOF_UNSIGNED_LONG_LONG 8
| #define SIZEOF_SIZE_T 8
| #define SIZEOF_PTRDIFF_T 8
| #define HAVE_UINTPTR_T 1
| #define SIZEOF_FLOAT 4
| #define SIZEOF_DOUBLE 8
| #define SIZEOF_FFTW_R2R_KIND 4
| #define HAVE_ALLOCA_H 1
| #define HAVE_ALLOCA 1
| #define HAVE_VPRINTF 1
| #define HAVE_LIBM 1
| #define HAVE_GETTIMEOFDAY 1
| #define HAVE_DRAND48 1
| #define HAVE_SQRT 1
| #define HAVE_MEMSET 1
| #define HAVE_POSIX_MEMALIGN 1
| #define HAVE__MM_MALLOC 1
| #define HAVE__MM_FREE 1
| #define HAVE_MACH_ABSOLUTE_TIME 1
| #define HAVE_SYSCTL 1
| #define HAVE_ABORT 1
| #define HAVE_SINL 1
| #define HAVE_COSL 1
| #define HAVE_SNPRINTF 1
| #define HAVE_DECL_DRAND48 1
| #define HAVE_DECL_SRAND48 1
| /* end confdefs.h.  */
| #include <stdio.h>
| #ifdef HAVE_SYS_TYPES_H
| # include <sys/types.h>
| #endif
| #ifdef HAVE_SYS_STAT_H
| # include <sys/stat.h>
| #endif
| #ifdef STDC_HEADERS
| # include <stdlib.h>
| # include <stddef.h>
| #else
| # ifdef HAVE_STDLIB_H
| #  include <stdlib.h>
| # endif
| #endif
| #ifdef HAVE_STRING_H
| # if !defined STDC_HEADERS && defined HAVE_MEMORY_H
| #  include <memory.h>
| # endif
| # include <string.h>
| #endif
| #ifdef HAVE_STRINGS_H
| # include <strings.h>
| #endif
| #ifdef HAVE_INTTYPES_H
| # include <inttypes.h>
| #endif
| #ifdef HAVE_STDINT_H
| # include <stdint.h>
| #endif
| #ifdef HAVE_UNISTD_H
| # include <unistd.h>
| #endif
| int
| main ()
| {
| #ifndef memalign
| #ifdef __cplusplus
|   (void) memalign;
| #else
|   (void) memalign;
| #endif
| #endif
| 
|   ;
|   return 0;
| }
configure:15377: result: no
configure:15387: checking whether posix_memalign is declared
configure:15387: icc -std=gnu99 -c -O3 -axSSSE3 -no-ipo -no-prec-div -mdynamic-no-pic -ansi-alias -malign-double  conftest.c >&5
configure:15387: $? = 0
configure:15387: result: yes
configure:15397: checking whether sinl is declared
configure:15397: icc -std=gnu99 -c -O3 -axSSSE3 -no-ipo -no-prec-div -mdynamic-no-pic -ansi-alias -malign-double  conftest.c >&5
conftest.c(110): error: identifier "sinl" is undefined
    (void) sinl;
           ^

compilation aborted for conftest.c (code 2)
configure:15397: $? = 2
configure: failed program was:
| /* confdefs.h */
| #define PACKAGE_NAME "fftw"
| #define PACKAGE_TARNAME "fftw"
| #define PACKAGE_VERSION "3.3.3"
| #define PACKAGE_STRING "fftw 3.3.3"
| #define PACKAGE_BUGREPORT "fftw@fftw.org"
| #define PACKAGE_URL ""
| #define PACKAGE "fftw"
| #define VERSION "3.3.3"
| #define FFTW_ENABLE_ALLOCA 1
| #define STDC_HEADERS 1
| #define HAVE_SYS_TYPES_H 1
| #define HAVE_SYS_STAT_H 1
| #define HAVE_STDLIB_H 1
| #define HAVE_STRING_H 1
| #define HAVE_MEMORY_H 1
| #define HAVE_STRINGS_H 1
| #define HAVE_INTTYPES_H 1
| #define HAVE_STDINT_H 1
| #define HAVE_UNISTD_H 1
| #define HAVE_DLFCN_H 1
| #define LT_OBJDIR ".libs/"
| #define STDC_HEADERS 1
| #define HAVE_STDDEF_H 1
| #define HAVE_STDLIB_H 1
| #define HAVE_STRING_H 1
| #define HAVE_STRINGS_H 1
| #define HAVE_SYS_TIME_H 1
| #define HAVE_UNISTD_H 1
| #define HAVE_LIMITS_H 1
| #define HAVE_STDINT_H 1
| #define HAVE_MACH_MACH_TIME_H 1
| #define HAVE_SYS_SYSCTL_H 1
| #define TIME_WITH_SYS_TIME 1
| #define HAVE_LONG_DOUBLE 1
| #define SIZEOF_INT 4
| #define SIZEOF_UNSIGNED_INT 4
| #define SIZEOF_LONG 8
| #define SIZEOF_UNSIGNED_LONG 8
| #define SIZEOF_LONG_LONG 8
| #define SIZEOF_UNSIGNED_LONG_LONG 8
| #define SIZEOF_SIZE_T 8
| #define SIZEOF_PTRDIFF_T 8
| #define HAVE_UINTPTR_T 1
| #define SIZEOF_FLOAT 4
| #define SIZEOF_DOUBLE 8
| #define SIZEOF_FFTW_R2R_KIND 4
| #define HAVE_ALLOCA_H 1
| #define HAVE_ALLOCA 1
| #define HAVE_VPRINTF 1
| #define HAVE_LIBM 1
| #define HAVE_GETTIMEOFDAY 1
| #define HAVE_DRAND48 1
| #define HAVE_SQRT 1
| #define HAVE_MEMSET 1
| #define HAVE_POSIX_MEMALIGN 1
| #define HAVE__MM_MALLOC 1
| #define HAVE__MM_FREE 1
| #define HAVE_MACH_ABSOLUTE_TIME 1
| #define HAVE_SYSCTL 1
| #define HAVE_ABORT 1
| #define HAVE_SINL 1
| #define HAVE_COSL 1
| #define HAVE_SNPRINTF 1
| #define HAVE_DECL_DRAND48 1
| #define HAVE_DECL_SRAND48 1
| #define HAVE_DECL_MEMALIGN 0
| #define HAVE_DECL_POSIX_MEMALIGN 1
| /* end confdefs.h.  */
| #include <stdio.h>
| #ifdef HAVE_SYS_TYPES_H
| # include <sys/types.h>
| #endif
| #ifdef HAVE_SYS_STAT_H
| # include <sys/stat.h>
| #endif
| #ifdef STDC_HEADERS
| # include <stdlib.h>
| # include <stddef.h>
| #else
| # ifdef HAVE_STDLIB_H
| #  include <stdlib.h>
| # endif
| #endif
| #ifdef HAVE_STRING_H
| # if !defined STDC_HEADERS && defined HAVE_MEMORY_H
| #  include <memory.h>
| # endif
| # include <string.h>
| #endif
| #ifdef HAVE_STRINGS_H
| # include <strings.h>
| #endif
| #ifdef HAVE_INTTYPES_H
| # include <inttypes.h>
| #endif
| #ifdef HAVE_STDINT_H
| # include <stdint.h>
| #endif
| #ifdef HAVE_UNISTD_H
| # include <unistd.h>
| #endif
| int
| main ()
| {
| #ifndef sinl
| #ifdef __cplusplus
|   (void) sinl;
| #else
|   (void) sinl;
| #endif
| #endif
| 
|   ;
|   return 0;
| }
configure:15397: result: no
configure:15407: checking whether cosl is declared
configure:15407: icc -std=gnu99 -c -O3 -axSSSE3 -no-ipo -no-prec-div -mdynamic-no-pic -ansi-alias -malign-double  conftest.c >&5
conftest.c(111): error: identifier "cosl" is undefined
    (void) cosl;
           ^

compilation aborted for conftest.c (code 2)
configure:15407: $? = 2
configure: failed program was:
| /* confdefs.h */
| #define PACKAGE_NAME "fftw"
| #define PACKAGE_TARNAME "fftw"
| #define PACKAGE_VERSION "3.3.3"
| #define PACKAGE_STRING "fftw 3.3.3"
| #define PACKAGE_BUGREPORT "fftw@fftw.org"
| #define PACKAGE_URL ""
| #define PACKAGE "fftw"
| #define VERSION "3.3.3"
| #define FFTW_ENABLE_ALLOCA 1
| #define STDC_HEADERS 1
| #define HAVE_SYS_TYPES_H 1
| #define HAVE_SYS_STAT_H 1
| #define HAVE_STDLIB_H 1
| #define HAVE_STRING_H 1
| #define HAVE_MEMORY_H 1
| #define HAVE_STRINGS_H 1
| #define HAVE_INTTYPES_H 1
| #define HAVE_STDINT_H 1
| #define HAVE_UNISTD_H 1
| #define HAVE_DLFCN_H 1
| #define LT_OBJDIR ".libs/"
| #define STDC_HEADERS 1
| #define HAVE_STDDEF_H 1
| #define HAVE_STDLIB_H 1
| #define HAVE_STRING_H 1
| #define HAVE_STRINGS_H 1
| #define HAVE_SYS_TIME_H 1
| #define HAVE_UNISTD_H 1
| #define HAVE_LIMITS_H 1
| #define HAVE_STDINT_H 1
| #define HAVE_MACH_MACH_TIME_H 1
| #define HAVE_SYS_SYSCTL_H 1
| #define TIME_WITH_SYS_TIME 1
| #define HAVE_LONG_DOUBLE 1
| #define SIZEOF_INT 4
| #define SIZEOF_UNSIGNED_INT 4
| #define SIZEOF_LONG 8
| #define SIZEOF_UNSIGNED_LONG 8
| #define SIZEOF_LONG_LONG 8
| #define SIZEOF_UNSIGNED_LONG_LONG 8
| #define SIZEOF_SIZE_T 8
| #define SIZEOF_PTRDIFF_T 8
| #define HAVE_UINTPTR_T 1
| #define SIZEOF_FLOAT 4
| #define SIZEOF_DOUBLE 8
| #define SIZEOF_FFTW_R2R_KIND 4
| #define HAVE_ALLOCA_H 1
| #define HAVE_ALLOCA 1
| #define HAVE_VPRINTF 1
| #define HAVE_LIBM 1
| #define HAVE_GETTIMEOFDAY 1
| #define HAVE_DRAND48 1
| #define HAVE_SQRT 1
| #define HAVE_MEMSET 1
| #define HAVE_POSIX_MEMALIGN 1
| #define HAVE__MM_MALLOC 1
| #define HAVE__MM_FREE 1
| #define HAVE_MACH_ABSOLUTE_TIME 1
| #define HAVE_SYSCTL 1
| #define HAVE_ABORT 1
| #define HAVE_SINL 1
| #define HAVE_COSL 1
| #define HAVE_SNPRINTF 1
| #define HAVE_DECL_DRAND48 1
| #define HAVE_DECL_SRAND48 1
| #define HAVE_DECL_MEMALIGN 0
| #define HAVE_DECL_POSIX_MEMALIGN 1
| #define HAVE_DECL_SINL 0
| /* end confdefs.h.  */
| #include <stdio.h>
| #ifdef HAVE_SYS_TYPES_H
| # include <sys/types.h>
| #endif
| #ifdef HAVE_SYS_STAT_H
| # include <sys/stat.h>
| #endif
| #ifdef STDC_HEADERS
| # include <stdlib.h>
| # include <stddef.h>
| #else
| # ifdef HAVE_STDLIB_H
| #  include <stdlib.h>
| # endif
| #endif
| #ifdef HAVE_STRING_H
| # if !defined STDC_HEADERS && defined HAVE_MEMORY_H
| #  include <memory.h>
| # endif
| # include <string.h>
| #endif
| #ifdef HAVE_STRINGS_H
| # include <strings.h>
| #endif
| #ifdef HAVE_INTTYPES_H
| # include <inttypes.h>
| #endif
| #ifdef HAVE_STDINT_H
| # include <stdint.h>
| #endif
| #ifdef HAVE_UNISTD_H
| # include <unistd.h>
| #endif
| int
| main ()
| {
| #ifndef cosl
| #ifdef __cplusplus
|   (void) cosl;
| #else
|   (void) cosl;
| #endif
| #endif
| 
|   ;
|   return 0;
| }
configure:15407: result: no
configure:15417: checking whether sinq is declared
configure:15417: icc -std=gnu99 -c -O3 -axSSSE3 -no-ipo -no-prec-div -mdynamic-no-pic -ansi-alias -malign-double  conftest.c >&5
conftest.c(112): error: identifier "sinq" is undefined
    (void) sinq;
           ^

compilation aborted for conftest.c (code 2)
configure:15417: $? = 2
configure: failed program was:
| /* confdefs.h */
| #define PACKAGE_NAME "fftw"
| #define PACKAGE_TARNAME "fftw"
| #define PACKAGE_VERSION "3.3.3"
| #define PACKAGE_STRING "fftw 3.3.3"
| #define PACKAGE_BUGREPORT "fftw@fftw.org"
| #define PACKAGE_URL ""
| #define PACKAGE "fftw"
| #define VERSION "3.3.3"
| #define FFTW_ENABLE_ALLOCA 1
| #define STDC_HEADERS 1
| #define HAVE_SYS_TYPES_H 1
| #define HAVE_SYS_STAT_H 1
| #define HAVE_STDLIB_H 1
| #define HAVE_STRING_H 1
| #define HAVE_MEMORY_H 1
| #define HAVE_STRINGS_H 1
| #define HAVE_INTTYPES_H 1
| #define HAVE_STDINT_H 1
| #define HAVE_UNISTD_H 1
| #define HAVE_DLFCN_H 1
| #define LT_OBJDIR ".libs/"
| #define STDC_HEADERS 1
| #define HAVE_STDDEF_H 1
| #define HAVE_STDLIB_H 1
| #define HAVE_STRING_H 1
| #define HAVE_STRINGS_H 1
| #define HAVE_SYS_TIME_H 1
| #define HAVE_UNISTD_H 1
| #define HAVE_LIMITS_H 1
| #define HAVE_STDINT_H 1
| #define HAVE_MACH_MACH_TIME_H 1
| #define HAVE_SYS_SYSCTL_H 1
| #define TIME_WITH_SYS_TIME 1
| #define HAVE_LONG_DOUBLE 1
| #define SIZEOF_INT 4
| #define SIZEOF_UNSIGNED_INT 4
| #define SIZEOF_LONG 8
| #define SIZEOF_UNSIGNED_LONG 8
| #define SIZEOF_LONG_LONG 8
| #define SIZEOF_UNSIGNED_LONG_LONG 8
| #define SIZEOF_SIZE_T 8
| #define SIZEOF_PTRDIFF_T 8
| #define HAVE_UINTPTR_T 1
| #define SIZEOF_FLOAT 4
| #define SIZEOF_DOUBLE 8
| #define SIZEOF_FFTW_R2R_KIND 4
| #define HAVE_ALLOCA_H 1
| #define HAVE_ALLOCA 1
| #define HAVE_VPRINTF 1
| #define HAVE_LIBM 1
| #define HAVE_GETTIMEOFDAY 1
| #define HAVE_DRAND48 1
| #define HAVE_SQRT 1
| #define HAVE_MEMSET 1
| #define HAVE_POSIX_MEMALIGN 1
| #define HAVE__MM_MALLOC 1
| #define HAVE__MM_FREE 1
| #define HAVE_MACH_ABSOLUTE_TIME 1
| #define HAVE_SYSCTL 1
| #define HAVE_ABORT 1
| #define HAVE_SINL 1
| #define HAVE_COSL 1
| #define HAVE_SNPRINTF 1
| #define HAVE_DECL_DRAND48 1
| #define HAVE_DECL_SRAND48 1
| #define HAVE_DECL_MEMALIGN 0
| #define HAVE_DECL_POSIX_MEMALIGN 1
| #define HAVE_DECL_SINL 0
| #define HAVE_DECL_COSL 0
| /* end confdefs.h.  */
| #include <stdio.h>
| #ifdef HAVE_SYS_TYPES_H
| # include <sys/types.h>
| #endif
| #ifdef HAVE_SYS_STAT_H
| # include <sys/stat.h>
| #endif
| #ifdef STDC_HEADERS
| # include <stdlib.h>
| # include <stddef.h>
| #else
| # ifdef HAVE_STDLIB_H
| #  include <stdlib.h>
| # endif
| #endif
| #ifdef HAVE_STRING_H
| # if !defined STDC_HEADERS && defined HAVE_MEMORY_H
| #  include <memory.h>
| # endif
| # include <string.h>
| #endif
| #ifdef HAVE_STRINGS_H
| # include <strings.h>
| #endif
| #ifdef HAVE_INTTYPES_H
| # include <inttypes.h>
| #endif
| #ifdef HAVE_STDINT_H
| # include <stdint.h>
| #endif
| #ifdef HAVE_UNISTD_H
| # include <unistd.h>
| #endif
| int
| main ()
| {
| #ifndef sinq
| #ifdef __cplusplus
|   (void) sinq;
| #else
|   (void) sinq;
| #endif
| #endif
| 
|   ;
|   return 0;
| }
configure:15417: result: no
configure:15427: checking whether cosq is declared
configure:15427: icc -std=gnu99 -c -O3 -axSSSE3 -no-ipo -no-prec-div -mdynamic-no-pic -ansi-alias -malign-double  conftest.c >&5
conftest.c(113): error: identifier "cosq" is undefined
    (void) cosq;
           ^

compilation aborted for conftest.c (code 2)
configure:15427: $? = 2
configure: failed program was:
| /* confdefs.h */
| #define PACKAGE_NAME "fftw"
| #define PACKAGE_TARNAME "fftw"
| #define PACKAGE_VERSION "3.3.3"
| #define PACKAGE_STRING "fftw 3.3.3"
| #define PACKAGE_BUGREPORT "fftw@fftw.org"
| #define PACKAGE_URL ""
| #define PACKAGE "fftw"
| #define VERSION "3.3.3"
| #define FFTW_ENABLE_ALLOCA 1
| #define STDC_HEADERS 1
| #define HAVE_SYS_TYPES_H 1
| #define HAVE_SYS_STAT_H 1
| #define HAVE_STDLIB_H 1
| #define HAVE_STRING_H 1
| #define HAVE_MEMORY_H 1
| #define HAVE_STRINGS_H 1
| #define HAVE_INTTYPES_H 1
| #define HAVE_STDINT_H 1
| #define HAVE_UNISTD_H 1
| #define HAVE_DLFCN_H 1
| #define LT_OBJDIR ".libs/"
| #define STDC_HEADERS 1
| #define HAVE_STDDEF_H 1
| #define HAVE_STDLIB_H 1
| #define HAVE_STRING_H 1
| #define HAVE_STRINGS_H 1
| #define HAVE_SYS_TIME_H 1
| #define HAVE_UNISTD_H 1
| #define HAVE_LIMITS_H 1
| #define HAVE_STDINT_H 1
| #define HAVE_MACH_MACH_TIME_H 1
| #define HAVE_SYS_SYSCTL_H 1
| #define TIME_WITH_SYS_TIME 1
| #define HAVE_LONG_DOUBLE 1
| #define SIZEOF_INT 4
| #define SIZEOF_UNSIGNED_INT 4
| #define SIZEOF_LONG 8
| #define SIZEOF_UNSIGNED_LONG 8
| #define SIZEOF_LONG_LONG 8
| #define SIZEOF_UNSIGNED_LONG_LONG 8
| #define SIZEOF_SIZE_T 8
| #define SIZEOF_PTRDIFF_T 8
| #define HAVE_UINTPTR_T 1
| #define SIZEOF_FLOAT 4
| #define SIZEOF_DOUBLE 8
| #define SIZEOF_FFTW_R2R_KIND 4
| #define HAVE_ALLOCA_H 1
| #define HAVE_ALLOCA 1
| #define HAVE_VPRINTF 1
| #define HAVE_LIBM 1
| #define HAVE_GETTIMEOFDAY 1
| #define HAVE_DRAND48 1
| #define HAVE_SQRT 1
| #define HAVE_MEMSET 1
| #define HAVE_POSIX_MEMALIGN 1
| #define HAVE__MM_MALLOC 1
| #define HAVE__MM_FREE 1
| #define HAVE_MACH_ABSOLUTE_TIME 1
| #define HAVE_SYSCTL 1
| #define HAVE_ABORT 1
| #define HAVE_SINL 1
| #define HAVE_COSL 1
| #define HAVE_SNPRINTF 1
| #define HAVE_DECL_DRAND48 1
| #define HAVE_DECL_SRAND48 1
| #define HAVE_DECL_MEMALIGN 0
| #define HAVE_DECL_POSIX_MEMALIGN 1
| #define HAVE_DECL_SINL 0
| #define HAVE_DECL_COSL 0
| #define HAVE_DECL_SINQ 0
| /* end confdefs.h.  */
| #include <stdio.h>
| #ifdef HAVE_SYS_TYPES_H
| # include <sys/types.h>
| #endif
| #ifdef HAVE_SYS_STAT_H
| # include <sys/stat.h>
| #endif
| #ifdef STDC_HEADERS
| # include <stdlib.h>
| # include <stddef.h>
| #else
| # ifdef HAVE_STDLIB_H
| #  include <stdlib.h>
| # endif
| #endif
| #ifdef HAVE_STRING_H
| # if !defined STDC_HEADERS && defined HAVE_MEMORY_H
| #  include <memory.h>
| # endif
| # include <string.h>
| #endif
| #ifdef HAVE_STRINGS_H
| # include <strings.h>
| #endif
| #ifdef HAVE_INTTYPES_H
| # include <inttypes.h>
| #endif
| #ifdef HAVE_STDINT_H
| # include <stdint.h>
| #endif
| #ifdef HAVE_UNISTD_H
| # include <unistd.h>
| #endif
| int
| main ()
| {
| #ifndef cosq
| #ifdef __cplusplus
|   (void) cosq;
| #else
|   (void) cosq;
| #endif
| #endif
| 
|   ;
|   return 0;
| }
configure:15427: result: no
configure:15439: checking for _rtc intrinsic
configure:15455: icc -std=gnu99 -o conftest -O3 -axSSSE3 -no-ipo -no-prec-div -mdynamic-no-pic -ansi-alias -malign-double   conftest.c -lm  >&5
conftest.c(80): warning #266: function "_rtc" declared implicitly
  _rtc()
  ^

Undefined symbols for architecture x86_64:
  "__rtc", referenced from:
      _main in iccC5QnYQ.o
ld: symbol(s) not found for architecture x86_64
configure:15455: $? = 1
configure: failed program was:
| /* confdefs.h */
| #define PACKAGE_NAME "fftw"
| #define PACKAGE_TARNAME "fftw"
| #define PACKAGE_VERSION "3.3.3"
| #define PACKAGE_STRING "fftw 3.3.3"
| #define PACKAGE_BUGREPORT "fftw@fftw.org"
| #define PACKAGE_URL ""
| #define PACKAGE "fftw"
| #define VERSION "3.3.3"
| #define FFTW_ENABLE_ALLOCA 1
| #define STDC_HEADERS 1
| #define HAVE_SYS_TYPES_H 1
| #define HAVE_SYS_STAT_H 1
| #define HAVE_STDLIB_H 1
| #define HAVE_STRING_H 1
| #define HAVE_MEMORY_H 1
| #define HAVE_STRINGS_H 1
| #define HAVE_INTTYPES_H 1
| #define HAVE_STDINT_H 1
| #define HAVE_UNISTD_H 1
| #define HAVE_DLFCN_H 1
| #define LT_OBJDIR ".libs/"
| #define STDC_HEADERS 1
| #define HAVE_STDDEF_H 1
| #define HAVE_STDLIB_H 1
| #define HAVE_STRING_H 1
| #define HAVE_STRINGS_H 1
| #define HAVE_SYS_TIME_H 1
| #define HAVE_UNISTD_H 1
| #define HAVE_LIMITS_H 1
| #define HAVE_STDINT_H 1
| #define HAVE_MACH_MACH_TIME_H 1
| #define HAVE_SYS_SYSCTL_H 1
| #define TIME_WITH_SYS_TIME 1
| #define HAVE_LONG_DOUBLE 1
| #define SIZEOF_INT 4
| #define SIZEOF_UNSIGNED_INT 4
| #define SIZEOF_LONG 8
| #define SIZEOF_UNSIGNED_LONG 8
| #define SIZEOF_LONG_LONG 8
| #define SIZEOF_UNSIGNED_LONG_LONG 8
| #define SIZEOF_SIZE_T 8
| #define SIZEOF_PTRDIFF_T 8
| #define HAVE_UINTPTR_T 1
| #define SIZEOF_FLOAT 4
| #define SIZEOF_DOUBLE 8
| #define SIZEOF_FFTW_R2R_KIND 4
| #define HAVE_ALLOCA_H 1
| #define HAVE_ALLOCA 1
| #define HAVE_VPRINTF 1
| #define HAVE_LIBM 1
| #define HAVE_GETTIMEOFDAY 1
| #define HAVE_DRAND48 1
| #define HAVE_SQRT 1
| #define HAVE_MEMSET 1
| #define HAVE_POSIX_MEMALIGN 1
| #define HAVE__MM_MALLOC 1
| #define HAVE__MM_FREE 1
| #define HAVE_MACH_ABSOLUTE_TIME 1
| #define HAVE_SYSCTL 1
| #define HAVE_ABORT 1
| #define HAVE_SINL 1
| #define HAVE_COSL 1
| #define HAVE_SNPRINTF 1
| #define HAVE_DECL_DRAND48 1
| #define HAVE_DECL_SRAND48 1
| #define HAVE_DECL_MEMALIGN 0
| #define HAVE_DECL_POSIX_MEMALIGN 1
| #define HAVE_DECL_SINL 0
| #define HAVE_DECL_COSL 0
| #define HAVE_DECL_SINQ 0
| #define HAVE_DECL_COSQ 0
| /* end confdefs.h.  */
| #ifdef HAVE_INTRINSICS_H
| #include <intrinsics.h>
| #endif
| int
| main ()
| {
| _rtc()
|   ;
|   return 0;
| }
configure:15464: result: no
configure:15484: checking for isnan
configure:15498: icc -std=gnu99 -o conftest -O3 -axSSSE3 -no-ipo -no-prec-div -mdynamic-no-pic -ansi-alias -malign-double   conftest.c -lm  >&5
configure:15498: $? = 0
configure:15510: result: yes
configure:15517: checking whether C compiler accepts -mpreferred-stack-boundary=4
configure:15536: icc -std=gnu99 -c -mpreferred-stack-boundary=4  conftest.c >&5
configure:15536: $? = 0
configure:15546: result: yes
configure:15550: checking whether the stack is at least 8-byte aligned by gcc
configure:15554: checking whether C compiler accepts -malign-double
configure:15583: result: yes
configure:15645: icc -std=gnu99 -o conftest -O -malign-double   conftest.c -lm  >&5
configure:15645: $? = 0
configure:15645: ./conftest
configure:15645: $? = 0
configure:15655: result: yes
configure:15798: checking for Fortran 77 compiler version
configure:15807: ifort --version >&5
ifort (IFORT) 13.0.1 20121010
Copyright (C) 1985-2012 Intel Corporation.  All rights reserved.

configure:15818: $? = 0
configure:15807: ifort -v >&5
ifort version 13.0.1
configure:15818: $? = 0
configure:15807: ifort -V >&5
Intel(R) Fortran Intel(R) 64 Compiler XE for applications running on Intel(R) 64, Version 13.0.1.119 Build 20121010
Copyright (C) 1985-2012 Intel Corporation.  All rights reserved.

configure:15818: $? = 0
configure:15807: ifort -qversion >&5
ifort: command line warning #10006: ignoring unknown option '-qversion'
ifort: command line error: no files specified; for help type "ifort -help"
configure:15818: $? = 1
configure:15827: checking whether we are using the GNU Fortran 77 compiler
configure:15840: ifort -c  conftest.F >&5
conftest.F(3): error #5082: Syntax error, found END-OF-STATEMENT when expecting one of: ( % [ : . = =>
       choke me
---------------^
conftest.F(3): error #6218: This statement is positioned incorrectly and/or has syntax errors.
       choke me
---------------^
compilation aborted for conftest.F (code 1)
configure:15840: $? = 1
configure: failed program was:
|       program main
| #ifndef __GNUC__
|        choke me
| #endif
| 
|       end
configure:15849: result: no
configure:15855: checking whether ifort accepts -g
configure:15866: ifort -c -g conftest.f >&5
configure:15866: $? = 0
configure:15874: result: yes
configure:16010: checking if libtool supports shared libraries
configure:16012: result: yes
configure:16015: checking whether to build shared libraries
configure:16035: result: no
configure:16038: checking whether to build static libraries
configure:16042: result: yes
configure:16363: checking for ifort option to produce PIC
configure:16370: result: 
configure:16436: checking if ifort static flag  works
configure:16464: result: yes
configure:16476: checking if ifort supports -c -o file.o
configure:16497: ifort -c -g -o out/conftest2.o conftest.f >&5
configure:16501: $? = 0
configure:16523: result: yes
configure:16528: checking if ifort supports -c -o file.o
configure:16575: result: yes
configure:16605: checking whether the ifort linker (/usr/bin/ld) supports shared libraries
configure:17712: result: yes
configure:17853: checking dynamic linker characteristics
configure:18515: result: darwin12.3.0 dyld
configure:18568: checking how to hardcode library paths into programs
configure:18593: result: immediate
configure:18635: checking how to get verbose linking output from ifort
configure:18645: ifort -c -g conftest.f >&5
configure:18645: $? = 0
configure:18663: ifort -o conftest -g -v conftest.f -lm
ifort version 13.0.1
/opt/intel/composer_xe_2013.1.119/bin/intel64/fortcom    -D__INTEL_COMPILER=1300 -D__x86_64 -D__x86_64__ -D_MT -D__INTEL_COMPILER_BUILD_DATE=20121010 -D__PIC__ -D__APPLE__ -D__MACH__ -D__pentium4 -D__pentium4__ -D__tune_pentium4__ -D__SSE2__ -D__SSE3__ -D__SSSE3__ -D__SSE__ -D__MMX__ -mGLOB_pack_sort_init_list -I. -I/opt/intel/composer_xe_2013.1.119/mkl/include -I/opt/intel/composer_xe_2013.1.119/tbb/include -I/opt/intel/composer_xe_2013.1.119/compiler/include/intel64 -I/opt/intel/composer_xe_2013.1.119/compiler/include -I/usr/local/include -I/Applications/Xcode.app/Contents/Developer/usr/llvm-gcc-4.2/lib/gcc/i686-apple-darwin11/4.2.1/include -I/usr/include "-fp_modbits honor_f32_conversion" "-fp_modbits honor_f64_conversion" -O0 -g2 -simd -mP1OPT_version=13.0-intel64 -mGLOB_diag_file=conftest.diag -mGLOB_diag_use_message_catalog=FALSE -mGLOB_source_language=GLOB_SOURCE_LANGUAGE_F90 -mGLOB_tune_for_fort -mGLOB_use_fort_dope_vector -mP2OPT_static_promotion -mP1OPT_print_version=FALSE -mCG_use_gas_got_workaround=F -mP2OPT_align_option_used=TRUE -mGLOB_gcc_version=421 "-mGLOB_options_string=-o conftest -g -v -lm" -mGLOB_position_independent_code -mGLOB_preemption_model=1 -mGLOB_no_compact_unwind=TRUE -mGLOB_cxx_limited_range=FALSE -mCG_extend_parms=FALSE -mGLOB_compiler_bin_directory=/opt/intel/composer_xe_2013.1.119/bin/intel64 -mP3OPT_emit_line_numbers -mP2OPT_suppress_unreferenced_locals=FALSE -mGLOB_debug_target=GLOB_DEBUG_TARGET_ALL -mGLOB_debug_format=GLOB_DEBUG_FORMAT_DWARF20 -mP3OPT_dwarf_format=P3OPT_DWARF_FORMAT_OBJ_ONLY -mGLOB_as_output_backup_file_name=conftest_as_.s -mGLOB_machine_model=GLOB_MACHINE_MODEL_EFI2 -mGLOB_product_id_code=0x22006d91 -mGLOB_maintain_errno -mGLOB_noinline_intrinsics -mGLOB_use_base_pointer -mCG_bnl_movbe=T -mGLOB_extended_instructions=0x80 -mGLOB_advanced_optim=TRUE -mP3OPT_use_mspp_call_convention -mP2OPT_subs_out_of_bound=FALSE -mGLOB_ansi_alias -mIPOPT_ninl_limit=0 -mIPOPT_ninl_user_level=0 -mPGOPTI_value_profile_use=T -mP2OPT_gen_linux_const_pooling=FALSE -mP2OPT_il0_array_sections=TRUE -mGLOB_opt_level=0 -mIPOPT_args_in_regs=0 -mP2OPT_disam_assume_nonstd_intent_in=FALSE -mGLOB_imf_mapping_library=/opt/intel/composer_xe_2013.1.119/bin/intel64/libiml_attr.dylib -mIPOPT_obj_output_file_name=conftest.o -mIPOPT_whole_archive_fixup_file_name=/var/folders/2p/kc8wx8rj6555t37q5f2tklfh0000z8/T/ifortwarchxIHAjj -mGLOB_long_size_64 -mGLOB_routine_pointer_size_64 -mGLOB_driver_tempfile_name=/var/folders/2p/kc8wx8rj6555t37q5f2tklfh0000z8/T/iforttempfileJPSNKN -mGLOB_os_target=GLOB_OS_TARGET_MACH -mGLOB_async_unwind_tables=TRUE -mGLOB_obj_output_file=conftest.o -mGLOB_source_dialect=GLOB_SOURCE_DIALECT_FORTRAN -mP1OPT_source_file_name=conftest.f -mP2OPT_symtab_type_copy=true conftest.f
#include "..." search starts here:
#include <...> search starts here:
 .
 /opt/intel/composer_xe_2013.1.119/mkl/include
 /opt/intel/composer_xe_2013.1.119/tbb/include
 /opt/intel/composer_xe_2013.1.119/compiler/include/intel64
 /opt/intel/composer_xe_2013.1.119/compiler/include
 /usr/local/include
 /Applications/Xcode.app/Contents/Developer/usr/llvm-gcc-4.2/lib/gcc/i686-apple-darwin11/4.2.1/include
 /usr/include
End of search list.
ld    -lcrt1.10.6.o -dynamic -arch x86_64 -weak_reference_mismatches non-weak -macosx_version_min 10.8.3 -no_compact_unwind -o conftest /opt/intel/composer_xe_2013.1.119/compiler/lib/for_main.o -L/opt/intel/composer_xe_2013.1.119/compiler/lib -L/opt/intel/composer_xe_2013.1.119/compiler/lib -L/opt/intel/composer_xe_2013.1.119/mkl/lib -L/opt/intel/composer_xe_2013.1.119/tbb/lib -L/opt/intel/composer_xe_2013.1.119/compiler/lib -L/usr/llvm-gcc-4.2/bin/../lib/gcc/i686-apple-darwin11/4.2.1/x86_64/ -L/Applications/Xcode.app/Contents/Developer/usr/llvm-gcc-4.2/lib/gcc/i686-apple-darwin11/4.2.1/x86_64/ -L/usr/lib/ -L/usr/llvm-gcc-4.2/bin/../lib/gcc/i686-apple-darwin11/4.2.1/x86_64 -L/usr/llvm-gcc-4.2/bin/../lib/gcc/i686-apple-darwin11/4.2.1/ -L/usr/llvm-gcc-4.2/bin/../lib/gcc/ -L/opt/intel/composer_xe_2013.1.119/compiler/lib/ -L/opt/intel/composer_xe_2013.1.119/mkl/lib/ -L/opt/intel/composer_xe_2013.1.119/tbb/lib/ -L/Applications/Xcode.app/Contents/Developer/usr/llvm-gcc-4.2/lib/gcc/i686-apple-darwin11/4.2.1/x86_64 -L/Applications/Xcode.app/Contents/Developer/usr/llvm-gcc-4.2/lib/gcc/i686-apple-darwin11/4.2.1/ -L/usr/llvm-gcc-4.2/bin/../lib/gcc/i686-apple-darwin11/4.2.1/../../../ -L/Applications/Xcode.app/Contents/Developer/usr/llvm-gcc-4.2/lib/gcc/i686-apple-darwin11/4.2.1/../../.. conftest.o -L/opt/intel/composer_xe_2013.1.119/compiler/lib /opt/intel/composer_xe_2013.1.119/compiler/lib/libimf.a -lm /opt/intel/composer_xe_2013.1.119/compiler/lib/libifport.a /opt/intel/composer_xe_2013.1.119/compiler/lib/libifcore.a /opt/intel/composer_xe_2013.1.119/compiler/lib/libimf.a /opt/intel/composer_xe_2013.1.119/compiler/lib/libsvml.a /opt/intel/composer_xe_2013.1.119/compiler/lib/libipgo.a -lgcc -lgcc_s.10.5 -lgcc -lSystem /opt/intel/composer_xe_2013.1.119/compiler/lib/libirc.a -lpthread /opt/intel/composer_xe_2013.1.119/compiler/lib/libsvml.a -ldl
dsymutil    conftest
configure:18746: result: -v
configure:18748: checking for Fortran 77 libraries of ifort
configure:18771: ifort -o conftest -g -v conftest.f -lm
ifort version 13.0.1
/opt/intel/composer_xe_2013.1.119/bin/intel64/fortcom    -D__INTEL_COMPILER=1300 -D__x86_64 -D__x86_64__ -D_MT -D__INTEL_COMPILER_BUILD_DATE=20121010 -D__PIC__ -D__APPLE__ -D__MACH__ -D__pentium4 -D__pentium4__ -D__tune_pentium4__ -D__SSE2__ -D__SSE3__ -D__SSSE3__ -D__SSE__ -D__MMX__ -mGLOB_pack_sort_init_list -I. -I/opt/intel/composer_xe_2013.1.119/mkl/include -I/opt/intel/composer_xe_2013.1.119/tbb/include -I/opt/intel/composer_xe_2013.1.119/compiler/include/intel64 -I/opt/intel/composer_xe_2013.1.119/compiler/include -I/usr/local/include -I/Applications/Xcode.app/Contents/Developer/usr/llvm-gcc-4.2/lib/gcc/i686-apple-darwin11/4.2.1/include -I/usr/include "-fp_modbits honor_f32_conversion" "-fp_modbits honor_f64_conversion" -O0 -g2 -simd -mP1OPT_version=13.0-intel64 -mGLOB_diag_file=conftest.diag -mGLOB_diag_use_message_catalog=FALSE -mGLOB_source_language=GLOB_SOURCE_LANGUAGE_F90 -mGLOB_tune_for_fort -mGLOB_use_fort_dope_vector -mP2OPT_static_promotion -mP1OPT_print_version=FALSE -mCG_use_gas_got_workaround=F -mP2OPT_align_option_used=TRUE -mGLOB_gcc_version=421 "-mGLOB_options_string=-o conftest -g -v -lm" -mGLOB_position_independent_code -mGLOB_preemption_model=1 -mGLOB_no_compact_unwind=TRUE -mGLOB_cxx_limited_range=FALSE -mCG_extend_parms=FALSE -mGLOB_compiler_bin_directory=/opt/intel/composer_xe_2013.1.119/bin/intel64 -mP3OPT_emit_line_numbers -mP2OPT_suppress_unreferenced_locals=FALSE -mGLOB_debug_target=GLOB_DEBUG_TARGET_ALL -mGLOB_debug_format=GLOB_DEBUG_FORMAT_DWARF20 -mP3OPT_dwarf_format=P3OPT_DWARF_FORMAT_OBJ_ONLY -mGLOB_as_output_backup_file_name=conftest_as_.s -mGLOB_machine_model=GLOB_MACHINE_MODEL_EFI2 -mGLOB_product_id_code=0x22006d91 -mGLOB_maintain_errno -mGLOB_noinline_intrinsics -mGLOB_use_base_pointer -mCG_bnl_movbe=T -mGLOB_extended_instructions=0x80 -mGLOB_advanced_optim=TRUE -mP3OPT_use_mspp_call_convention -mP2OPT_subs_out_of_bound=FALSE -mGLOB_ansi_alias -mIPOPT_ninl_limit=0 -mIPOPT_ninl_user_level=0 -mPGOPTI_value_profile_use=T -mP2OPT_gen_linux_const_pooling=FALSE -mP2OPT_il0_array_sections=TRUE -mGLOB_opt_level=0 -mIPOPT_args_in_regs=0 -mP2OPT_disam_assume_nonstd_intent_in=FALSE -mGLOB_imf_mapping_library=/opt/intel/composer_xe_2013.1.119/bin/intel64/libiml_attr.dylib -mIPOPT_obj_output_file_name=conftest.o -mIPOPT_whole_archive_fixup_file_name=/var/folders/2p/kc8wx8rj6555t37q5f2tklfh0000z8/T/ifortwarchJukS4H -mGLOB_long_size_64 -mGLOB_routine_pointer_size_64 -mGLOB_driver_tempfile_name=/var/folders/2p/kc8wx8rj6555t37q5f2tklfh0000z8/T/iforttempfilezlA4Qi -mGLOB_os_target=GLOB_OS_TARGET_MACH -mGLOB_async_unwind_tables=TRUE -mGLOB_obj_output_file=conftest.o -mGLOB_source_dialect=GLOB_SOURCE_DIALECT_FORTRAN -mP1OPT_source_file_name=conftest.f -mP2OPT_symtab_type_copy=true conftest.f
#include "..." search starts here:
#include <...> search starts here:
 .
 /opt/intel/composer_xe_2013.1.119/mkl/include
 /opt/intel/composer_xe_2013.1.119/tbb/include
 /opt/intel/composer_xe_2013.1.119/compiler/include/intel64
 /opt/intel/composer_xe_2013.1.119/compiler/include
 /usr/local/include
 /Applications/Xcode.app/Contents/Developer/usr/llvm-gcc-4.2/lib/gcc/i686-apple-darwin11/4.2.1/include
 /usr/include
End of search list.
ld    -lcrt1.10.6.o -dynamic -arch x86_64 -weak_reference_mismatches non-weak -macosx_version_min 10.8.3 -no_compact_unwind -o conftest /opt/intel/composer_xe_2013.1.119/compiler/lib/for_main.o -L/opt/intel/composer_xe_2013.1.119/compiler/lib -L/opt/intel/composer_xe_2013.1.119/compiler/lib -L/opt/intel/composer_xe_2013.1.119/mkl/lib -L/opt/intel/composer_xe_2013.1.119/tbb/lib -L/opt/intel/composer_xe_2013.1.119/compiler/lib -L/usr/llvm-gcc-4.2/bin/../lib/gcc/i686-apple-darwin11/4.2.1/x86_64/ -L/Applications/Xcode.app/Contents/Developer/usr/llvm-gcc-4.2/lib/gcc/i686-apple-darwin11/4.2.1/x86_64/ -L/usr/lib/ -L/usr/llvm-gcc-4.2/bin/../lib/gcc/i686-apple-darwin11/4.2.1/x86_64 -L/usr/llvm-gcc-4.2/bin/../lib/gcc/i686-apple-darwin11/4.2.1/ -L/usr/llvm-gcc-4.2/bin/../lib/gcc/ -L/opt/intel/composer_xe_2013.1.119/compiler/lib/ -L/opt/intel/composer_xe_2013.1.119/mkl/lib/ -L/opt/intel/composer_xe_2013.1.119/tbb/lib/ -L/Applications/Xcode.app/Contents/Developer/usr/llvm-gcc-4.2/lib/gcc/i686-apple-darwin11/4.2.1/x86_64 -L/Applications/Xcode.app/Contents/Developer/usr/llvm-gcc-4.2/lib/gcc/i686-apple-darwin11/4.2.1/ -L/usr/llvm-gcc-4.2/bin/../lib/gcc/i686-apple-darwin11/4.2.1/../../../ -L/Applications/Xcode.app/Contents/Developer/usr/llvm-gcc-4.2/lib/gcc/i686-apple-darwin11/4.2.1/../../.. conftest.o -L/opt/intel/composer_xe_2013.1.119/compiler/lib /opt/intel/composer_xe_2013.1.119/compiler/lib/libimf.a -lm /opt/intel/composer_xe_2013.1.119/compiler/lib/libifport.a /opt/intel/composer_xe_2013.1.119/compiler/lib/libifcore.a /opt/intel/composer_xe_2013.1.119/compiler/lib/libimf.a /opt/intel/composer_xe_2013.1.119/compiler/lib/libsvml.a /opt/intel/composer_xe_2013.1.119/compiler/lib/libipgo.a -lgcc -lgcc_s.10.5 -lgcc -lSystem /opt/intel/composer_xe_2013.1.119/compiler/lib/libirc.a -lpthread /opt/intel/composer_xe_2013.1.119/compiler/lib/libsvml.a -ldl
dsymutil    conftest
configure:18967: result:  -L/opt/intel/composer_xe_2013.1.119/compiler/lib -L/opt/intel/composer_xe_2013.1.119/mkl/lib -L/opt/intel/composer_xe_2013.1.119/tbb/lib -L/usr/llvm-gcc-4.2/bin/../lib/gcc/i686-apple-darwin11/4.2.1/x86_64/ -L/Applications/Xcode.app/Contents/Developer/usr/llvm-gcc-4.2/lib/gcc/i686-apple-darwin11/4.2.1/x86_64/ -L/usr/lib/ -L/usr/llvm-gcc-4.2/bin/../lib/gcc/i686-apple-darwin11/4.2.1/x86_64 -L/usr/llvm-gcc-4.2/bin/../lib/gcc/i686-apple-darwin11/4.2.1/ -L/usr/llvm-gcc-4.2/bin/../lib/gcc/ -L/opt/intel/composer_xe_2013.1.119/compiler/lib/ -L/opt/intel/composer_xe_2013.1.119/mkl/lib/ -L/opt/intel/composer_xe_2013.1.119/tbb/lib/ -L/Applications/Xcode.app/Contents/Developer/usr/llvm-gcc-4.2/lib/gcc/i686-apple-darwin11/4.2.1/x86_64 -L/Applications/Xcode.app/Contents/Developer/usr/llvm-gcc-4.2/lib/gcc/i686-apple-darwin11/4.2.1/ -L/usr/llvm-gcc-4.2/bin/../lib/gcc/i686-apple-darwin11/4.2.1/../../../ -L/Applications/Xcode.app/Contents/Developer/usr/llvm-gcc-4.2/lib/gcc/i686-apple-darwin11/4.2.1/../../.. /opt/intel/composer_xe_2013.1.119/compiler/lib/libimf.a -lm /opt/intel/composer_xe_2013.1.119/compiler/lib/libifport.a /opt/intel/composer_xe_2013.1.119/compiler/lib/libifcore.a /opt/intel/composer_xe_2013.1.119/compiler/lib/libsvml.a /opt/intel/composer_xe_2013.1.119/compiler/lib/libipgo.a /opt/intel/composer_xe_2013.1.119/compiler/lib/libirc.a -lpthread -ldl
configure:18983: checking for dummy main to link with Fortran 77 libraries
configure:19017: icc -std=gnu99 -o conftest -O3 -axSSSE3 -no-ipo -no-prec-div -mdynamic-no-pic -ansi-alias -malign-double   conftest.c -lm   -L/opt/intel/composer_xe_2013.1.119/compiler/lib -L/opt/intel/composer_xe_2013.1.119/mkl/lib -L/opt/intel/composer_xe_2013.1.119/tbb/lib -L/usr/llvm-gcc-4.2/bin/../lib/gcc/i686-apple-darwin11/4.2.1/x86_64/ -L/Applications/Xcode.app/Contents/Developer/usr/llvm-gcc-4.2/lib/gcc/i686-apple-darwin11/4.2.1/x86_64/ -L/usr/lib/ -L/usr/llvm-gcc-4.2/bin/../lib/gcc/i686-apple-darwin11/4.2.1/x86_64 -L/usr/llvm-gcc-4.2/bin/../lib/gcc/i686-apple-darwin11/4.2.1/ -L/usr/llvm-gcc-4.2/bin/../lib/gcc/ -L/opt/intel/composer_xe_2013.1.119/compiler/lib/ -L/opt/intel/composer_xe_2013.1.119/mkl/lib/ -L/opt/intel/composer_xe_2013.1.119/tbb/lib/ -L/Applications/Xcode.app/Contents/Developer/usr/llvm-gcc-4.2/lib/gcc/i686-apple-darwin11/4.2.1/x86_64 -L/Applications/Xcode.app/Contents/Developer/usr/llvm-gcc-4.2/lib/gcc/i686-apple-darwin11/4.2.1/ -L/usr/llvm-gcc-4.2/bin/../lib/gcc/i686-apple-darwin11/4.2.1/../../../ -L/Applications/Xcode.app/Contents/Developer/usr/llvm-gcc-4.2/lib/gcc/i686-apple-darwin11/4.2.1/../../.. /opt/intel/composer_xe_2013.1.119/compiler/lib/libimf.a -lm /opt/intel/composer_xe_2013.1.119/compiler/lib/libifport.a /opt/intel/composer_xe_2013.1.119/compiler/lib/libifcore.a /opt/intel/composer_xe_2013.1.119/compiler/lib/libsvml.a /opt/intel/composer_xe_2013.1.119/compiler/lib/libipgo.a /opt/intel/composer_xe_2013.1.119/compiler/lib/libirc.a -lpthread -ldl >&5
configure:19017: $? = 0
configure:19062: result: none
configure:19102: checking for Fortran 77 name-mangling scheme
configure:19115: ifort -c -g conftest.f >&5
configure:19115: $? = 0
configure:19156: icc -std=gnu99 -o conftest -O3 -axSSSE3 -no-ipo -no-prec-div -mdynamic-no-pic -ansi-alias -malign-double   conftest.c cfortran_test.o -lm   -L/opt/intel/composer_xe_2013.1.119/compiler/lib -L/opt/intel/composer_xe_2013.1.119/mkl/lib -L/opt/intel/composer_xe_2013.1.119/tbb/lib -L/usr/llvm-gcc-4.2/bin/../lib/gcc/i686-apple-darwin11/4.2.1/x86_64/ -L/Applications/Xcode.app/Contents/Developer/usr/llvm-gcc-4.2/lib/gcc/i686-apple-darwin11/4.2.1/x86_64/ -L/usr/lib/ -L/usr/llvm-gcc-4.2/bin/../lib/gcc/i686-apple-darwin11/4.2.1/x86_64 -L/usr/llvm-gcc-4.2/bin/../lib/gcc/i686-apple-darwin11/4.2.1/ -L/usr/llvm-gcc-4.2/bin/../lib/gcc/ -L/opt/intel/composer_xe_2013.1.119/compiler/lib/ -L/opt/intel/composer_xe_2013.1.119/mkl/lib/ -L/opt/intel/composer_xe_2013.1.119/tbb/lib/ -L/Applications/Xcode.app/Contents/Developer/usr/llvm-gcc-4.2/lib/gcc/i686-apple-darwin11/4.2.1/x86_64 -L/Applications/Xcode.app/Contents/Developer/usr/llvm-gcc-4.2/lib/gcc/i686-apple-darwin11/4.2.1/ -L/usr/llvm-gcc-4.2/bin/../lib/gcc/i686-apple-darwin11/4.2.1/../../../ -L/Applications/Xcode.app/Contents/Developer/usr/llvm-gcc-4.2/lib/gcc/i686-apple-darwin11/4.2.1/../../.. /opt/intel/composer_xe_2013.1.119/compiler/lib/libimf.a -lm /opt/intel/composer_xe_2013.1.119/compiler/lib/libifport.a /opt/intel/composer_xe_2013.1.119/compiler/lib/libifcore.a /opt/intel/composer_xe_2013.1.119/compiler/lib/libsvml.a /opt/intel/composer_xe_2013.1.119/compiler/lib/libipgo.a /opt/intel/composer_xe_2013.1.119/compiler/lib/libirc.a -lpthread -ldl >&5
Undefined symbols for architecture x86_64:
  "_foobar", referenced from:
      _main in iccvfNlPx.o
     (maybe you meant: _foobar_)
ld: symbol(s) not found for architecture x86_64
configure:19156: $? = 1
configure: failed program was:
| /* confdefs.h */
| #define PACKAGE_NAME "fftw"
| #define PACKAGE_TARNAME "fftw"
| #define PACKAGE_VERSION "3.3.3"
| #define PACKAGE_STRING "fftw 3.3.3"
| #define PACKAGE_BUGREPORT "fftw@fftw.org"
| #define PACKAGE_URL ""
| #define PACKAGE "fftw"
| #define VERSION "3.3.3"
| #define FFTW_ENABLE_ALLOCA 1
| #define STDC_HEADERS 1
| #define HAVE_SYS_TYPES_H 1
| #define HAVE_SYS_STAT_H 1
| #define HAVE_STDLIB_H 1
| #define HAVE_STRING_H 1
| #define HAVE_MEMORY_H 1
| #define HAVE_STRINGS_H 1
| #define HAVE_INTTYPES_H 1
| #define HAVE_STDINT_H 1
| #define HAVE_UNISTD_H 1
| #define HAVE_DLFCN_H 1
| #define LT_OBJDIR ".libs/"
| #define STDC_HEADERS 1
| #define HAVE_STDDEF_H 1
| #define HAVE_STDLIB_H 1
| #define HAVE_STRING_H 1
| #define HAVE_STRINGS_H 1
| #define HAVE_SYS_TIME_H 1
| #define HAVE_UNISTD_H 1
| #define HAVE_LIMITS_H 1
| #define HAVE_STDINT_H 1
| #define HAVE_MACH_MACH_TIME_H 1
| #define HAVE_SYS_SYSCTL_H 1
| #define TIME_WITH_SYS_TIME 1
| #define HAVE_LONG_DOUBLE 1
| #define SIZEOF_INT 4
| #define SIZEOF_UNSIGNED_INT 4
| #define SIZEOF_LONG 8
| #define SIZEOF_UNSIGNED_LONG 8
| #define SIZEOF_LONG_LONG 8
| #define SIZEOF_UNSIGNED_LONG_LONG 8
| #define SIZEOF_SIZE_T 8
| #define SIZEOF_PTRDIFF_T 8
| #define HAVE_UINTPTR_T 1
| #define SIZEOF_FLOAT 4
| #define SIZEOF_DOUBLE 8
| #define SIZEOF_FFTW_R2R_KIND 4
| #define HAVE_ALLOCA_H 1
| #define HAVE_ALLOCA 1
| #define HAVE_VPRINTF 1
| #define HAVE_LIBM 1
| #define HAVE_GETTIMEOFDAY 1
| #define HAVE_DRAND48 1
| #define HAVE_SQRT 1
| #define HAVE_MEMSET 1
| #define HAVE_POSIX_MEMALIGN 1
| #define HAVE__MM_MALLOC 1
| #define HAVE__MM_FREE 1
| #define HAVE_MACH_ABSOLUTE_TIME 1
| #define HAVE_SYSCTL 1
| #define HAVE_ABORT 1
| #define HAVE_SINL 1
| #define HAVE_COSL 1
| #define HAVE_SNPRINTF 1
| #define HAVE_DECL_DRAND48 1
| #define HAVE_DECL_SRAND48 1
| #define HAVE_DECL_MEMALIGN 0
| #define HAVE_DECL_POSIX_MEMALIGN 1
| #define HAVE_DECL_SINL 0
| #define HAVE_DECL_COSL 0
| #define HAVE_DECL_SINQ 0
| #define HAVE_DECL_COSQ 0
| #define HAVE_ISNAN 1
| /* end confdefs.h.  */
| 
| /* Override any GCC internal prototype to avoid an error.
|    Use char because int might match the return type of a GCC
|    builtin and then its argument prototype would still apply.  */
| #ifdef __cplusplus
| extern "C"
| #endif
| char foobar ();
| #ifdef F77_DUMMY_MAIN
| 
| #  ifdef __cplusplus
|      extern "C"
| #  endif
|    int F77_DUMMY_MAIN() { return 1; }
| 
| #endif
| int
| main ()
| {
| return foobar ();
|   ;
|   return 0;
| }
configure:19156: icc -std=gnu99 -o conftest -O3 -axSSSE3 -no-ipo -no-prec-div -mdynamic-no-pic -ansi-alias -malign-double   conftest.c cfortran_test.o -lm   -L/opt/intel/composer_xe_2013.1.119/compiler/lib -L/opt/intel/composer_xe_2013.1.119/mkl/lib -L/opt/intel/composer_xe_2013.1.119/tbb/lib -L/usr/llvm-gcc-4.2/bin/../lib/gcc/i686-apple-darwin11/4.2.1/x86_64/ -L/Applications/Xcode.app/Contents/Developer/usr/llvm-gcc-4.2/lib/gcc/i686-apple-darwin11/4.2.1/x86_64/ -L/usr/lib/ -L/usr/llvm-gcc-4.2/bin/../lib/gcc/i686-apple-darwin11/4.2.1/x86_64 -L/usr/llvm-gcc-4.2/bin/../lib/gcc/i686-apple-darwin11/4.2.1/ -L/usr/llvm-gcc-4.2/bin/../lib/gcc/ -L/opt/intel/composer_xe_2013.1.119/compiler/lib/ -L/opt/intel/composer_xe_2013.1.119/mkl/lib/ -L/opt/intel/composer_xe_2013.1.119/tbb/lib/ -L/Applications/Xcode.app/Contents/Developer/usr/llvm-gcc-4.2/lib/gcc/i686-apple-darwin11/4.2.1/x86_64 -L/Applications/Xcode.app/Contents/Developer/usr/llvm-gcc-4.2/lib/gcc/i686-apple-darwin11/4.2.1/ -L/usr/llvm-gcc-4.2/bin/../lib/gcc/i686-apple-darwin11/4.2.1/../../../ -L/Applications/Xcode.app/Contents/Developer/usr/llvm-gcc-4.2/lib/gcc/i686-apple-darwin11/4.2.1/../../.. /opt/intel/composer_xe_2013.1.119/compiler/lib/libimf.a -lm /opt/intel/composer_xe_2013.1.119/compiler/lib/libifport.a /opt/intel/composer_xe_2013.1.119/compiler/lib/libifcore.a /opt/intel/composer_xe_2013.1.119/compiler/lib/libsvml.a /opt/intel/composer_xe_2013.1.119/compiler/lib/libipgo.a /opt/intel/composer_xe_2013.1.119/compiler/lib/libirc.a -lpthread -ldl >&5
configure:19156: $? = 0
configure:19214: icc -std=gnu99 -o conftest -O3 -axSSSE3 -no-ipo -no-prec-div -mdynamic-no-pic -ansi-alias -malign-double   conftest.c cfortran_test.o -lm   -L/opt/intel/composer_xe_2013.1.119/compiler/lib -L/opt/intel/composer_xe_2013.1.119/mkl/lib -L/opt/intel/composer_xe_2013.1.119/tbb/lib -L/usr/llvm-gcc-4.2/bin/../lib/gcc/i686-apple-darwin11/4.2.1/x86_64/ -L/Applications/Xcode.app/Contents/Developer/usr/llvm-gcc-4.2/lib/gcc/i686-apple-darwin11/4.2.1/x86_64/ -L/usr/lib/ -L/usr/llvm-gcc-4.2/bin/../lib/gcc/i686-apple-darwin11/4.2.1/x86_64 -L/usr/llvm-gcc-4.2/bin/../lib/gcc/i686-apple-darwin11/4.2.1/ -L/usr/llvm-gcc-4.2/bin/../lib/gcc/ -L/opt/intel/composer_xe_2013.1.119/compiler/lib/ -L/opt/intel/composer_xe_2013.1.119/mkl/lib/ -L/opt/intel/composer_xe_2013.1.119/tbb/lib/ -L/Applications/Xcode.app/Contents/Developer/usr/llvm-gcc-4.2/lib/gcc/i686-apple-darwin11/4.2.1/x86_64 -L/Applications/Xcode.app/Contents/Developer/usr/llvm-gcc-4.2/lib/gcc/i686-apple-darwin11/4.2.1/ -L/usr/llvm-gcc-4.2/bin/../lib/gcc/i686-apple-darwin11/4.2.1/../../../ -L/Applications/Xcode.app/Contents/Developer/usr/llvm-gcc-4.2/lib/gcc/i686-apple-darwin11/4.2.1/../../.. /opt/intel/composer_xe_2013.1.119/compiler/lib/libimf.a -lm /opt/intel/composer_xe_2013.1.119/compiler/lib/libifport.a /opt/intel/composer_xe_2013.1.119/compiler/lib/libifcore.a /opt/intel/composer_xe_2013.1.119/compiler/lib/libsvml.a /opt/intel/composer_xe_2013.1.119/compiler/lib/libipgo.a /opt/intel/composer_xe_2013.1.119/compiler/lib/libirc.a -lpthread -ldl >&5
configure:19214: $? = 0
configure:19256: result: lower case, underscore, no extra underscore
configure:19402: checking for OpenMP flag of C compiler
configure:19446: icc -std=gnu99 -o conftest -O3 -axSSSE3 -no-ipo -no-prec-div -mdynamic-no-pic -ansi-alias -malign-double -fopenmp   conftest.c -lm  >&5
configure:19446: $? = 0
configure:19455: result: -fopenmp
configure:19960: checking whether a cycle counter is available
configure:19971: icc -std=gnu99 -E  -I./kernel conftest.c
configure:19971: $? = 0
configure:19978: result: yes
configure:20179: creating ./config.status

## ---------------------- ##
## Running config.status. ##
## ---------------------- ##

This file was extended by fftw config.status 3.3.3, which was
generated by GNU Autoconf 2.69.  Invocation command line was

  CONFIG_FILES    = 
  CONFIG_HEADERS  = 
  CONFIG_LINKS    = 
  CONFIG_COMMANDS = 
  $ ./config.status 

on sleigh

config.status:1280: creating Makefile
config.status:1280: creating support/Makefile
config.status:1280: creating genfft/Makefile
config.status:1280: creating kernel/Makefile
config.status:1280: creating simd-support/Makefile
config.status:1280: creating dft/Makefile
config.status:1280: creating dft/scalar/Makefile
config.status:1280: creating dft/scalar/codelets/Makefile
config.status:1280: creating dft/simd/Makefile
config.status:1280: creating dft/simd/common/Makefile
config.status:1280: creating dft/simd/sse2/Makefile
config.status:1280: creating dft/simd/avx/Makefile
config.status:1280: creating dft/simd/altivec/Makefile
config.status:1280: creating dft/simd/neon/Makefile
config.status:1280: creating rdft/Makefile
config.status:1280: creating rdft/scalar/Makefile
config.status:1280: creating rdft/scalar/r2cf/Makefile
config.status:1280: creating rdft/scalar/r2cb/Makefile
config.status:1280: creating rdft/scalar/r2r/Makefile
config.status:1280: creating rdft/simd/Makefile
config.status:1280: creating rdft/simd/common/Makefile
config.status:1280: creating rdft/simd/sse2/Makefile
config.status:1280: creating rdft/simd/avx/Makefile
config.status:1280: creating rdft/simd/altivec/Makefile
config.status:1280: creating rdft/simd/neon/Makefile
config.status:1280: creating reodft/Makefile
config.status:1280: creating threads/Makefile
config.status:1280: creating api/Makefile
config.status:1280: creating mpi/Makefile
config.status:1280: creating libbench2/Makefile
config.status:1280: creating tests/Makefile
config.status:1280: creating doc/Makefile
config.status:1280: creating doc/FAQ/Makefile
config.status:1280: creating tools/Makefile
config.status:1280: creating tools/fftw_wisdom.1
config.status:1280: creating tools/fftw-wisdom-to-conf
config.status:1280: creating m4/Makefile
config.status:1280: creating fftw.pc
config.status:1280: creating config.h
config.status:1509: executing depfiles commands
config.status:1509: executing libtool commands

## ---------------- ##
## Cache variables. ##
## ---------------- ##

ac_cv_build=x86_64-apple-darwin12.3.0
ac_cv_c_compiler_gnu=yes
ac_cv_c_const=yes
ac_cv_c_inline=inline
ac_cv_env_CC_set=set
ac_cv_env_CC_value=icc
ac_cv_env_CFLAGS_set=
ac_cv_env_CFLAGS_value=
ac_cv_env_CPPFLAGS_set=
ac_cv_env_CPPFLAGS_value=
ac_cv_env_CPP_set=
ac_cv_env_CPP_value=
ac_cv_env_F77_set=set
ac_cv_env_F77_value=ifort
ac_cv_env_FFLAGS_set=
ac_cv_env_FFLAGS_value=
ac_cv_env_LDFLAGS_set=
ac_cv_env_LDFLAGS_value=
ac_cv_env_LIBS_set=
ac_cv_env_LIBS_value=
ac_cv_env_MPICC_set=
ac_cv_env_MPICC_value=
ac_cv_env_build_alias_set=
ac_cv_env_build_alias_value=
ac_cv_env_host_alias_set=
ac_cv_env_host_alias_value=
ac_cv_env_target_alias_set=
ac_cv_env_target_alias_value=
ac_cv_f77_compiler_gnu=no
ac_cv_f77_dummy_main=none
ac_cv_f77_libs=' -L/opt/intel/composer_xe_2013.1.119/compiler/lib -L/opt/intel/composer_xe_2013.1.119/mkl/lib -L/opt/intel/composer_xe_2013.1.119/tbb/lib -L/usr/llvm-gcc-4.2/bin/../lib/gcc/i686-apple-darwin11/4.2.1/x86_64/ -L/Applications/Xcode.app/Contents/Developer/usr/llvm-gcc-4.2/lib/gcc/i686-apple-darwin11/4.2.1/x86_64/ -L/usr/lib/ -L/usr/llvm-gcc-4.2/bin/../lib/gcc/i686-apple-darwin11/4.2.1/x86_64 -L/usr/llvm-gcc-4.2/bin/../lib/gcc/i686-apple-darwin11/4.2.1/ -L/usr/llvm-gcc-4.2/bin/../lib/gcc/ -L/opt/intel/composer_xe_2013.1.119/compiler/lib/ -L/opt/intel/composer_xe_2013.1.119/mkl/lib/ -L/opt/intel/composer_xe_2013.1.119/tbb/lib/ -L/Applications/Xcode.app/Contents/Developer/usr/llvm-gcc-4.2/lib/gcc/i686-apple-darwin11/4.2.1/x86_64 -L/Applications/Xcode.app/Contents/Developer/usr/llvm-gcc-4.2/lib/gcc/i686-apple-darwin11/4.2.1/ -L/usr/llvm-gcc-4.2/bin/../lib/gcc/i686-apple-darwin11/4.2.1/../../../ -L/Applications/Xcode.app/Contents/Developer/usr/llvm-gcc-4.2/lib/gcc/i686-apple-darwin11/4.2.1/../../.. /opt/intel/composer_xe_2013.1.119/compiler/lib/libimf.a -lm /opt/intel/composer_xe_2013.1.119/compiler/lib/libifport.a /opt/intel/composer_xe_2013.1.119/compiler/lib/libifcore.a /opt/intel/composer_xe_2013.1.119/compiler/lib/libsvml.a /opt/intel/composer_xe_2013.1.119/compiler/lib/libipgo.a /opt/intel/composer_xe_2013.1.119/compiler/lib/libirc.a -lpthread -ldl'
ac_cv_f77_mangling='lower case, underscore, no extra underscore'
ac_cv_fortran_dummy_main=none
ac_cv_func_BSDgettimeofday=no
ac_cv_func__doprnt=no
ac_cv_func__mm_free=yes
ac_cv_func__mm_malloc=yes
ac_cv_func_abort=yes
ac_cv_func_alloca_works=yes
ac_cv_func_clock_gettime=no
ac_cv_func_cosl=yes
ac_cv_func_drand48=yes
ac_cv_func_gethrtime=no
ac_cv_func_gettimeofday=yes
ac_cv_func_mach_absolute_time=yes
ac_cv_func_memalign=no
ac_cv_func_memset=yes
ac_cv_func_posix_memalign=yes
ac_cv_func_read_real_time=no
ac_cv_func_sinl=yes
ac_cv_func_snprintf=yes
ac_cv_func_sqrt=yes
ac_cv_func_strtod=yes
ac_cv_func_sysctl=yes
ac_cv_func_time_base_to_time=no
ac_cv_func_vprintf=yes
ac_cv_have_decl_cosl=no
ac_cv_have_decl_cosq=no
ac_cv_have_decl_drand48=yes
ac_cv_have_decl_memalign=no
ac_cv_have_decl_posix_memalign=yes
ac_cv_have_decl_sinl=no
ac_cv_have_decl_sinq=no
ac_cv_have_decl_srand48=yes
ac_cv_header_altivec_h=no
ac_cv_header_c_asm_h=no
ac_cv_header_dlfcn_h=yes
ac_cv_header_intrinsics_h=no
ac_cv_header_inttypes_h=yes
ac_cv_header_libintl_h=no
ac_cv_header_limits_h=yes
ac_cv_header_mach_mach_time_h=yes
ac_cv_header_malloc_h=no
ac_cv_header_memory_h=yes
ac_cv_header_stdc=yes
ac_cv_header_stddef_h=yes
ac_cv_header_stdint_h=yes
ac_cv_header_stdlib_h=yes
ac_cv_header_string_h=yes
ac_cv_header_strings_h=yes
ac_cv_header_sys_stat_h=yes
ac_cv_header_sys_sysctl_h=yes
ac_cv_header_sys_time_h=yes
ac_cv_header_sys_types_h=yes
ac_cv_header_time=yes
ac_cv_header_unistd_h=yes
ac_cv_host=x86_64-apple-darwin12.3.0
ac_cv_lib_m_sin=yes
ac_cv_objext=o
ac_cv_path_EGREP='/usr/bin/grep -E'
ac_cv_path_FGREP='/usr/bin/grep -F'
ac_cv_path_GREP=/usr/bin/grep
ac_cv_path_SED=/usr/bin/sed
ac_cv_path_install='/usr/bin/install -c'
ac_cv_prog_AWK=awk
ac_cv_prog_CPP='icc -std=gnu99 -E'
ac_cv_prog_ac_ct_AR=ar
ac_cv_prog_ac_ct_CC=icc
ac_cv_prog_ac_ct_DLLTOOL=dlltool
ac_cv_prog_ac_ct_DSYMUTIL=dsymutil
ac_cv_prog_ac_ct_LIPO=lipo
ac_cv_prog_ac_ct_NMEDIT=nmedit
ac_cv_prog_ac_ct_OBJDUMP=objdump
ac_cv_prog_ac_ct_OTOOL=otool
ac_cv_prog_ac_ct_RANLIB=ranlib
ac_cv_prog_ac_ct_STRIP=strip
ac_cv_prog_cc_c89=
ac_cv_prog_cc_c99=-std=gnu99
ac_cv_prog_cc_g=yes
ac_cv_prog_cc_icc_c_o=yes
ac_cv_prog_cc_stdc=-std=gnu99
ac_cv_prog_f77_g=yes
ac_cv_prog_f77_v=-v
ac_cv_prog_make_make_set=yes
ac_cv_sizeof_double=8
ac_cv_sizeof_fftw_r2r_kind=4
ac_cv_sizeof_float=4
ac_cv_sizeof_int=4
ac_cv_sizeof_long=8
ac_cv_sizeof_long_long=8
ac_cv_sizeof_ptrdiff_t=8
ac_cv_sizeof_size_t=8
ac_cv_sizeof_unsigned_int=4
ac_cv_sizeof_unsigned_long=8
ac_cv_sizeof_unsigned_long_long=8
ac_cv_type_hrtime_t=no
ac_cv_type_long_double=yes
ac_cv_type_size_t=yes
ac_cv_type_uintptr_t=yes
ac_cv_working_alloca_h=yes
am_cv_CC_dependencies_compiler_type=gcc3
ax_cv_c_compiler_vendor=intel
ax_cv_c_flags__O3__axSSSE3__no_ipo__no_prec_div__mdynamic_no_pic__ansi_alias__malign_double=yes
ax_cv_c_flags__ansi_alias=yes
ax_cv_c_flags__malign_double=yes
ax_cv_c_flags__mpreferred_stack_boundary_4=yes
ax_cv_c_openmp=-fopenmp
lt_cv_apple_cc_single_mod=yes
lt_cv_ar_at_file=no
lt_cv_deplibs_check_method=pass_all
lt_cv_file_magic_cmd='$MAGIC_CMD'
lt_cv_file_magic_test_file=
lt_cv_ld_exported_symbols_list=yes
lt_cv_ld_force_load=yes
lt_cv_ld_reload_flag=-r
lt_cv_nm_interface='BSD nm'
lt_cv_objdir=.libs
lt_cv_path_LD=/usr/bin/ld
lt_cv_path_NM=/usr/bin/nm
lt_cv_path_mainfest_tool=no
lt_cv_prog_compiler_c_o=yes
lt_cv_prog_compiler_c_o_F77=yes
lt_cv_prog_compiler_pic='-fno-common -DPIC'
lt_cv_prog_compiler_pic_F77=
lt_cv_prog_compiler_pic_works=yes
lt_cv_prog_compiler_rtti_exceptions=yes
lt_cv_prog_compiler_static_works=no
lt_cv_prog_compiler_static_works_F77=yes
lt_cv_prog_gnu_ld=no
lt_cv_sharedlib_from_linklib_cmd='printf %s\n'
lt_cv_sys_global_symbol_pipe='sed -n -e '\''s/^.*[	 ]\([BCDEGRST][BCDEGRST]*\)[	 ][	 ]*_\([_A-Za-z][_A-Za-z0-9]*\)$/\1 _\2 \2/p'\'' | sed '\''/ __gnu_lto/d'\'''
lt_cv_sys_global_symbol_to_c_name_address='sed -n -e '\''s/^: \([^ ]*\)[ ]*$/  {\"\1\", (void *) 0},/p'\'' -e '\''s/^[BCDEGRST]* \([^ ]*\) \([^ ]*\)$/  {"\2", (void *) \&\2},/p'\'''
lt_cv_sys_global_symbol_to_c_name_address_lib_prefix='sed -n -e '\''s/^: \([^ ]*\)[ ]*$/  {\"\1\", (void *) 0},/p'\'' -e '\''s/^[BCDEGRST]* \([^ ]*\) \(lib[^ ]*\)$/  {"\2", (void *) \&\2},/p'\'' -e '\''s/^[BCDEGRST]* \([^ ]*\) \([^ ]*\)$/  {"lib\2", (void *) \&\2},/p'\'''
lt_cv_sys_global_symbol_to_cdecl='sed -n -e '\''s/^T .* \(.*\)$/extern int \1();/p'\'' -e '\''s/^[BCDEGRST]* .* \(.*\)$/extern char \1;/p'\'''
lt_cv_sys_max_cmd_len=196608
lt_cv_to_host_file_cmd=func_convert_file_noop
lt_cv_to_tool_file_cmd=func_convert_file_noop

## ----------------- ##
## Output variables. ##
## ----------------- ##

ACLOCAL='${SHELL} /Users/ponder/tinker/fftw/missing --run aclocal-1.11'
ALLOCA=''
ALTIVEC_CFLAGS=''
AMDEPBACKSLASH='\'
AMDEP_FALSE='#'
AMDEP_TRUE=''
AMTAR='$${TAR-tar}'
AR='ar'
AS='as'
AUTOCONF='${SHELL} /Users/ponder/tinker/fftw/missing --run autoconf'
AUTOHEADER='${SHELL} /Users/ponder/tinker/fftw/missing --run autoheader'
AUTOMAKE='${SHELL} /Users/ponder/tinker/fftw/missing --run automake-1.11'
AVX_CFLAGS=''
AWK='awk'
CC='icc -std=gnu99'
CCDEPMODE='depmode=gcc3'
CFLAGS='-O3 -axSSSE3 -no-ipo -no-prec-div -mdynamic-no-pic -ansi-alias -malign-double'
CHECK_PL_OPTS=''
COMBINED_THREADS_FALSE=''
COMBINED_THREADS_TRUE='#'
CPP='icc -std=gnu99 -E'
CPPFLAGS=''
CYGPATH_W='echo'
C_FFTW_R2R_KIND='C_INT32_T'
C_MPI_FINT=''
DEFS='-DHAVE_CONFIG_H'
DEPDIR='.deps'
DLLTOOL='dlltool'
DSYMUTIL='dsymutil'
DUMPBIN=''
ECHO_C='\c'
ECHO_N=''
ECHO_T=''
EGREP='/usr/bin/grep -E'
EXEEXT=''
F77='ifort'
FFLAGS='-g'
FGREP='/usr/bin/grep -F'
FLIBS=' -L/opt/intel/composer_xe_2013.1.119/compiler/lib -L/opt/intel/composer_xe_2013.1.119/mkl/lib -L/opt/intel/composer_xe_2013.1.119/tbb/lib -L/usr/llvm-gcc-4.2/bin/../lib/gcc/i686-apple-darwin11/4.2.1/x86_64/ -L/Applications/Xcode.app/Contents/Developer/usr/llvm-gcc-4.2/lib/gcc/i686-apple-darwin11/4.2.1/x86_64/ -L/usr/lib/ -L/usr/llvm-gcc-4.2/bin/../lib/gcc/i686-apple-darwin11/4.2.1/x86_64 -L/usr/llvm-gcc-4.2/bin/../lib/gcc/i686-apple-darwin11/4.2.1/ -L/usr/llvm-gcc-4.2/bin/../lib/gcc/ -L/opt/intel/composer_xe_2013.1.119/compiler/lib/ -L/opt/intel/composer_xe_2013.1.119/mkl/lib/ -L/opt/intel/composer_xe_2013.1.119/tbb/lib/ -L/Applications/Xcode.app/Contents/Developer/usr/llvm-gcc-4.2/lib/gcc/i686-apple-darwin11/4.2.1/x86_64 -L/Applications/Xcode.app/Contents/Developer/usr/llvm-gcc-4.2/lib/gcc/i686-apple-darwin11/4.2.1/ -L/usr/llvm-gcc-4.2/bin/../lib/gcc/i686-apple-darwin11/4.2.1/../../../ -L/Applications/Xcode.app/Contents/Developer/usr/llvm-gcc-4.2/lib/gcc/i686-apple-darwin11/4.2.1/../../.. /opt/intel/composer_xe_2013.1.119/compiler/lib/libimf.a -lm /opt/intel/composer_xe_2013.1.119/compiler/lib/libifport.a /opt/intel/composer_xe_2013.1.119/compiler/lib/libifcore.a /opt/intel/composer_xe_2013.1.119/compiler/lib/libsvml.a /opt/intel/composer_xe_2013.1.119/compiler/lib/libipgo.a /opt/intel/composer_xe_2013.1.119/compiler/lib/libirc.a -lpthread -ldl'
GREP='/usr/bin/grep'
HAVE_ALTIVEC_FALSE=''
HAVE_ALTIVEC_TRUE='#'
HAVE_AVX_FALSE=''
HAVE_AVX_TRUE='#'
HAVE_NEON_FALSE=''
HAVE_NEON_TRUE='#'
HAVE_SSE2_FALSE=''
HAVE_SSE2_TRUE='#'
INSTALL_DATA='${INSTALL} -m 644'
INSTALL_PROGRAM='${INSTALL}'
INSTALL_SCRIPT='${INSTALL}'
INSTALL_STRIP_PROGRAM='$(install_sh) -c -s'
LD='/usr/bin/ld'
LDFLAGS=''
LDOUBLE_FALSE=''
LDOUBLE_TRUE='#'
LIBOBJS=''
LIBQUADMATH=''
LIBS='-lm '
LIBTOOL='$(SHELL) $(top_builddir)/libtool'
LIPO='lipo'
LN_S='ln -s'
LTLIBOBJS=''
MAINT='#'
MAINTAINER_MODE_FALSE=''
MAINTAINER_MODE_TRUE='#'
MAKEINFO='${SHELL} /Users/ponder/tinker/fftw/missing --run makeinfo'
MANIFEST_TOOL=':'
MKDIR_P='./install-sh -c -d'
MPICC=''
MPILIBS=''
MPIRUN=''
MPI_FALSE=''
MPI_TRUE='#'
NEON_CFLAGS=''
NM='/usr/bin/nm'
NMEDIT='nmedit'
OBJDUMP='objdump'
OBJEXT='o'
OCAMLBUILD=''
OPENMP_CFLAGS='-fopenmp'
OPENMP_FALSE='#'
OPENMP_TRUE=''
OTOOL64=':'
OTOOL='otool'
PACKAGE='fftw'
PACKAGE_BUGREPORT='fftw@fftw.org'
PACKAGE_NAME='fftw'
PACKAGE_STRING='fftw 3.3.3'
PACKAGE_TARNAME='fftw'
PACKAGE_URL=''
PACKAGE_VERSION='3.3.3'
PATH_SEPARATOR=':'
POW_LIB=''
PRECISION='d'
PREC_SUFFIX=''
PTHREAD_CC=''
PTHREAD_CFLAGS=''
PTHREAD_LIBS=''
QUAD_FALSE=''
QUAD_TRUE='#'
RANLIB='ranlib'
SED='/usr/bin/sed'
SET_MAKE=''
SHARED_VERSION_INFO='6:2:3'
SHELL='/bin/sh'
SINGLE_FALSE=''
SINGLE_TRUE='#'
SMP_FALSE='#'
SMP_TRUE=''
SSE2_CFLAGS=''
STACK_ALIGN_CFLAGS=''
STRIP='strip'
THREADLIBS=''
THREADS_FALSE=''
THREADS_TRUE='#'
VERSION='3.3.3'
ac_ct_AR='ar'
ac_ct_CC='icc'
ac_ct_DUMPBIN=''
ac_ct_F77=''
acx_pthread_config=''
am__EXEEXT_FALSE=''
am__EXEEXT_TRUE='#'
am__fastdepCC_FALSE='#'
am__fastdepCC_TRUE=''
am__include='include'
am__isrc=''
am__leading_dot='.'
am__nodep='_no'
am__quote=''
am__tar='$${TAR-tar} chof - "$$tardir"'
am__untar='$${TAR-tar} xf -'
bindir='${exec_prefix}/bin'
build='x86_64-apple-darwin12.3.0'
build_alias=''
build_cpu='x86_64'
build_os='darwin12.3.0'
build_vendor='apple'
datadir='${datarootdir}'
datarootdir='${prefix}/share'
docdir='${datarootdir}/doc/${PACKAGE_TARNAME}'
dvidir='${docdir}'
exec_prefix='${prefix}'
host='x86_64-apple-darwin12.3.0'
host_alias=''
host_cpu='x86_64'
host_os='darwin12.3.0'
host_vendor='apple'
htmldir='${docdir}'
includedir='${prefix}/include'
infodir='${datarootdir}/info'
install_sh='${SHELL} /Users/ponder/tinker/fftw/install-sh'
libdir='${exec_prefix}/lib'
libexecdir='${exec_prefix}/libexec'
localedir='${datarootdir}/locale'
localstatedir='${prefix}/var'
mandir='${datarootdir}/man'
mkdir_p='$(top_builddir)/./install-sh -c -d'
oldincludedir='/usr/include'
pdfdir='${docdir}'
prefix='/Users/ponder/tinker/fftw'
program_transform_name='s,x,x,'
psdir='${docdir}'
sbindir='${exec_prefix}/sbin'
sharedstatedir='${prefix}/com'
sysconfdir='${prefix}/etc'
target_alias=''

## ----------- ##
## confdefs.h. ##
## ----------- ##

/* confdefs.h */
#define PACKAGE_NAME "fftw"
#define PACKAGE_TARNAME "fftw"
#define PACKAGE_VERSION "3.3.3"
#define PACKAGE_STRING "fftw 3.3.3"
#define PACKAGE_BUGREPORT "fftw@fftw.org"
#define PACKAGE_URL ""
#define PACKAGE "fftw"
#define VERSION "3.3.3"
#define FFTW_ENABLE_ALLOCA 1
#define STDC_HEADERS 1
#define HAVE_SYS_TYPES_H 1
#define HAVE_SYS_STAT_H 1
#define HAVE_STDLIB_H 1
#define HAVE_STRING_H 1
#define HAVE_MEMORY_H 1
#define HAVE_STRINGS_H 1
#define HAVE_INTTYPES_H 1
#define HAVE_STDINT_H 1
#define HAVE_UNISTD_H 1
#define HAVE_DLFCN_H 1
#define LT_OBJDIR ".libs/"
#define STDC_HEADERS 1
#define HAVE_STDDEF_H 1
#define HAVE_STDLIB_H 1
#define HAVE_STRING_H 1
#define HAVE_STRINGS_H 1
#define HAVE_SYS_TIME_H 1
#define HAVE_UNISTD_H 1
#define HAVE_LIMITS_H 1
#define HAVE_STDINT_H 1
#define HAVE_MACH_MACH_TIME_H 1
#define HAVE_SYS_SYSCTL_H 1
#define TIME_WITH_SYS_TIME 1
#define HAVE_LONG_DOUBLE 1
#define SIZEOF_INT 4
#define SIZEOF_UNSIGNED_INT 4
#define SIZEOF_LONG 8
#define SIZEOF_UNSIGNED_LONG 8
#define SIZEOF_LONG_LONG 8
#define SIZEOF_UNSIGNED_LONG_LONG 8
#define SIZEOF_SIZE_T 8
#define SIZEOF_PTRDIFF_T 8
#define HAVE_UINTPTR_T 1
#define SIZEOF_FLOAT 4
#define SIZEOF_DOUBLE 8
#define SIZEOF_FFTW_R2R_KIND 4
#define HAVE_ALLOCA_H 1
#define HAVE_ALLOCA 1
#define HAVE_VPRINTF 1
#define HAVE_LIBM 1
#define HAVE_GETTIMEOFDAY 1
#define HAVE_DRAND48 1
#define HAVE_SQRT 1
#define HAVE_MEMSET 1
#define HAVE_POSIX_MEMALIGN 1
#define HAVE__MM_MALLOC 1
#define HAVE__MM_FREE 1
#define HAVE_MACH_ABSOLUTE_TIME 1
#define HAVE_SYSCTL 1
#define HAVE_ABORT 1
#define HAVE_SINL 1
#define HAVE_COSL 1
#define HAVE_SNPRINTF 1
#define HAVE_DECL_DRAND48 1
#define HAVE_DECL_SRAND48 1
#define HAVE_DECL_MEMALIGN 0
#define HAVE_DECL_POSIX_MEMALIGN 1
#define HAVE_DECL_SINL 0
#define HAVE_DECL_COSL 0
#define HAVE_DECL_SINQ 0
#define HAVE_DECL_COSQ 0
#define HAVE_ISNAN 1
#define F77_FUNC(name,NAME) name ## _
#define F77_FUNC_(name,NAME) name ## _
#define F77_FUNC_EQUIV 1
#define HAVE_OPENMP 1
#define HAVE_OPENMP 1
#define FFTW_CC "icc -std=gnu99 -O3 -axSSSE3 -no-ipo -no-prec-div -mdynamic-no-pic -ansi-alias -malign-double"

configure: exit 0
